Action.c(243):           <Table width="80%" cellspacing="0" > <tr> <td>\n
Action.c(243):               Neils Bohr\n
Action.c(243):     <br/>\n
Action.c(243):               456 Atomic Ave<br/>\n
Action.c(243):               Copenhagen<br/>\n
Action.c(243):               <br/>\n
Action.c(243):               Total Charge: $ 87 <BR/> (CC: x-7890)\n
Action.c(243):           </td> </tr> </table>\n
Action.c(243):           </center>\n
Action.c(243):       </TD>\n
Action.c(243):     </TR>\n
Action.c(243):     <TR bgcolor="#EFF2F7">\n
Action.c(243):       <TD COLSPAN="3">\n
Action.c(243):       <b>Flight Details:</b><BR/>  <center>\n
Action.c(243):       06/22/2024\n
Action.c(243):      :  8am : Flight 630 leaves San Francisco  for Los Angeles.<br>  </center>\n
Action.c(243):       </TD>\n
Action.c(243):     </TR>\n
Action.c(243):     \n
Action.c(243):     <TR bgcolor="#EFF2F7">\n
Action.c(243):       <TD COLSPAN="4">\n
Action.c(243):       <hr/>\n
Action.c(243):       </TD>\n
Action.c(243):     </TR>\n
Action.c(243):     \n
Action.c(243):     <!-- Flight #1 -->\n
Action.c(243):     <TR bgcolor="#EFF2F7">\n
Action.c(243):       <TD width="5%" rowspan="2" align="left" valign="top">\n
Action.c(243):     <b>\n
Action.c(243):     <label><input type="checkbox" name="19" value="on" /></label></font></b>\n
Action.c(243):     <input type="hidden" name="flightID" value="29225584-14676-NB"  />\n
Action.c(243):       </TD>\n
Action.c(243):       <TD width="45%" valign="top">\n
Action.c(243):           <b>&nbsp;&nbsp;A First class ticket for :</b><br/>\n
Action.c(243):           <center><table border="0" width="85%"><tr><td>\n
Action.c(243):           <li><i> Neils Bohr\n
Action.c(243):           <li><i></i>\n
Action.c(243):           </td></tr></table></center>\n
Action.c(243):       </TD>\n
Action.c(243):       <TD width="5%" >.<br/>.<br/>.<br/>.</TD>\n
Action.c(243):       <TD width="45%" valign=top><b>Invoice sent to:</b><br/>\n
Action.c(243):           <center>\n
Action.c(243):           <Table width="80%" cellspacing="0" > <tr> <td>\n
Action.c(243):               Neils Bohr\n
Action.c(243):     <br/>\n
Action.c(243):               456 Atomic Ave<br/>\n
Action.c(243):               Copenhagen<br/>\n
Action.c(243):               <br/>\n
Action.c(243):               Total Charge: $ 789 <BR/> (CC: x-7890)\n
Action.c(243):           </td> </tr> </table>\n
Action.c(243):           </center>\n
Action.c(243):       </TD>\n
Action.c(243):     </TR>\n
Action.c(243):     <TR bgcolor="#EFF2F7">\n
Action.c(243):       <TD COLSPAN="3">\n
Action.c(243):       <b>Flight Details:</b><BR/>  <center>\n
Action.c(243):       06/22/2024\n
Action.c(243):      :  8am : Flight 90 leaves Denver  for Zurich.<br>  </center>\n
Action.c(243):       </TD>\n
Action.c(243):     </TR>\n
Action.c(243):     \n
Action.c(243):     <TR bgcolor="#EFF2F7">\n
Action.c(243):       <TD COLSPAN="4">\n
Action.c(243):       <hr/>\n
Action.c(243):       </TD>\n
Action.c(243):     </TR>\n
Action.c(243):     \n
Action.c(243):     <!-- Flight #1 -->\n
Action.c(243):     <TR bgcolor="#EFF2F7">\n
Action.c(243):       <TD width="5%" rowspan="2" align="left" valign="top">\n
Action.c(243):     <b>\n
Action.c(243):     <label><input type="checkbox" name="20" value="on" /></label></font></b>\n
Action.c(243):     <input type="hidden" name="flightID" value="29222981-15422-NB"  />\n
Action.c(243):       </TD>\n
Action.c(243):       <TD width="45%" valign="top">\n
Action.c(243):           <b>&nbsp;&nbsp;A Business class ticket for :</b><br/>\n
Action.c(243):           <center><table border="0" width="85%"><tr><td>\n
Action.c(243):           <li><i> Neils Bohr\n
Action.c(243):           <li><i></i>\n
Action.c(243):           </td></tr></table></center>\n
Action.c(243):       </TD>\n
Action.c(243):       <TD width="5%" >.<br/>.<br/>.<br/>.</TD>\n
Action.c(243):       <TD width="45%" valign=top><b>Invoice sent to:</b><br/>\n
Action.c(243):           <center>\n
Action.c(243):           <Table width="80%" cellspacing="0" > <tr> <td>\n
Action.c(243):               Neils Bohr\n
Action.c(243):     <br/>\n
Action.c(243):               456 Atomic Ave<br/>\n
Action.c(243):               Copenhagen<br/>\n
Action.c(243):               <br/>\n
Action.c(243):               Total Charge: $ 491 <BR/> (CC: x-7890)\n
Action.c(243):           </td> </tr> </table>\n
Action.c(243):           </center>\n
Action.c(243):       </TD>\n
Action.c(243):     </TR>\n
Action.c(243):     <TR bgcolor="#EFF2F7">\n
Action.c(243):       <TD COLSPAN="3">\n
Action.c(243):       <b>Flight Details:</b><BR/>  <center>\n
Action.c(243):       06/22/2024\n
Action.c(243):      :  8am : Flight 20 leaves Denver  for London.<br>  </center>\n
Action.c(243):       </TD>\n
Action.c(243):     </TR>\n
Action.c(243):     \n
Action.c(243):     <TR bgcolor="#EFF2F7">\n
Action.c(243):       <TD COLSPAN="4">\n
Action.c(243):       <hr/>\n
Action.c(243):       </TD>\n
Action.c(243):     </TR>\n
Action.c(243):     \n
Action.c(243):     <!-- Flight #1 -->\n
Action.c(243):     <TR bgcolor="#EFF2F7">\n
Action.c(243):       <TD width="5%" rowspan="2" align="left" valign="top">\n
Action.c(243):     <b>\n
Action.c(243):     <label><input type="checkbox" name="21" value="on" /></label></font></b>\n
Action.c(243):     <input type="hidden" name="flightID" value="292258172-16203-NB"  />\n
Action.c(243):       </TD>\n
Action.c(243):       <TD width="45%" valign="top">\n
Action.c(243):           <b>&nbsp;&nbsp;A Business class ticket for :</b><br/>\n
Action.c(243):           <center><table border="0" width="85%"><tr><td>\n
Action.c(243):           <li><i> Neils Bohr\n
Action.c(243):           <li><i></i>\n
Action.c(243):           </td></tr></table></center>\n
Action.c(243):       </TD>\n
Action.c(243):       <TD width="5%" >.<br/>.<br/>.<br/>.</TD>\n
Action.c(243):       <TD width="45%" valign=top><b>Invoice sent to:</b><br/>\n
Action.c(243):           <center>\n
Action.c(243):           <Table width="80%" cellspacing="0" > <tr> <td>\n
Action.c(243):               Neils Bohr\n
Action.c(243):     <br/>\n
Action.c(243):               456 Atomic Ave<br/>\n
Action.c(243):               Copenhagen<br/>\n
Action.c(243):               <br/>\n
Action.c(243):               Total Charge: $ 649 <BR/> (CC: x-7890)\n
Action.c(243):           </td> </tr> </table>\n
Action.c(243):           </center>\n
Action.c(243):       </TD>\n
Action.c(243):     </TR>\n
Action.c(243):     <TR bgcolor="#EFF2F7">\n
Action.c(243):       <TD COLSPAN="3">\n
Action.c(243):       <b>Flight Details:</b><BR/>  <center>\n
Action.c(243):       06/22/2024\n
Action.c(243):      :  8am : Flight 970 leaves Zurich  for Seattle.<br>  </center>\n
Action.c(243):       </TD>\n
Action.c(243):     </TR>\n
Action.c(243):     \n
Action.c(243):     <TR bgcolor="#EFF2F7">\n
Action.c(243):       <TD COLSPAN="4">\n
Action.c(243):       <hr/>\n
Action.c(243):       </TD>\n
Action.c(243):     </TR>\n
Action.c(243):     \n
Action.c(243):     <!-- Flight #1 -->\n
Action.c(243):     <TR bgcolor="#EFF2F7">\n
Action.c(243):       <TD width="5%" rowspan="2" align="left" valign="top">\n
Action.c(243):     <b>\n
Action.c(243):     <label><input type="checkbox" name="22" value="on" /></label></font></b>\n
Action.c(243):     <input type="hidden" name="flightID" value="292225952-16978-NB"  />\n
Action.c(243):       </TD>\n
Action.c(243):       <TD width="45%" valign="top">\n
Action.c(243):           <b>&nbsp;&nbsp;A First class ticket for :</b><br/>\n
Action.c(243):           <center><table border="0" width="85%"><tr><td>\n
Action.c(243):           <li><i> Neils Bohr\n
Action.c(243):           <li><i></i>\n
Action.c(243):           </td></tr></table></center>\n
Action.c(243):       </TD>\n
Action.c(243):       <TD width="5%" >.<br/>.<br/>.<br/>.</TD>\n
Action.c(243):       <TD width="45%" valign=top><b>Invoice sent to:</b><br/>\n
Action.c(243):           <center>\n
Action.c(243):           <Table width="80%" cellspacing="0" > <tr> <td>\n
Action.c(243):               Neils Bohr\n
Action.c(243):     <br/>\n
Action.c(243):               456 Atomic Ave<br/>\n
Action.c(243):               Copenhagen<br/>\n
Action.c(243):               <br/>\n
Action.c(243):               Total Charge: $ 723 <BR/> (CC: x-7890)\n
Action.c(243):           </td> </tr> </table>\n
Action.c(243):           </center>\n
Action.c(243):       </TD>\n
Action.c(243):     </TR>\n
Action.c(243):     <TR bgcolor="#EFF2F7">\n
Action.c(243):       <TD COLSPAN="3">\n
Action.c(243):       <b>Flight Details:</b><BR/>  <center>\n
Action.c(243):       06/22/2024\n
Action.c(243):      :  8am : Flight 100 leaves Frankfurt  for Denver.<br>  </center>\n
Action.c(243):       </TD>\n
Action.c(243):     </TR>\n
Action.c(243):     \n
Action.c(243):     <TR bgcolor="#EFF2F7">\n
Action.c(243):       <TD COLSPAN="4">\n
Action.c(243):       <hr/>\n
Action.c(243):       </TD>\n
Action.c(243):     </TR>\n
Action.c(243):     \n
Action.c(243):     <!-- Flight #1 -->\n
Action.c(243):     <TR bgcolor="#EFF2F7">\n
Action.c(243):       <TD width="5%" rowspan="2" align="left" valign="top">\n
Action.c(243):     <b>\n
Action.c(243):     <label><input type="checkbox" name="23" value="on" /></label></font></b>\n
Action.c(243):     <input type="hidden" name="flightID" value="292248168-17734-NB"  />\n
Action.c(243):       </TD>\n
Action.c(243):       <TD width="45%" valign="top">\n
Action.c(243):           <b>&nbsp;&nbsp;A First class ticket for :</b><br/>\n
Action.c(243):           <center><table border="0" width="85%"><tr><td>\n
Action.c(243):           <li><i> Neils Bohr\n
Action.c(243):           <li><i></i>\n
Action.c(243):           </td></tr></table></center>\n
Action.c(243):       </TD>\n
Action.c(243):       <TD width="5%" >.<br/>.<br/>.<br/>.</TD>\n
Action.c(243):       <TD width="45%" valign=top><b>Invoice sent to:</b><br/>\n
Action.c(243):           <center>\n
Action.c(243):           <Table width="80%" cellspacing="0" > <tr> <td>\n
Action.c(243):               Neils Bohr\n
Action.c(243):     <br/>\n
Action.c(243):               456 Atomic Ave<br/>\n
Action.c(243):               Copenhagen<br/>\n
Action.c(243):               <br/>\n
Action.c(243):               Total Charge: $ 548 <BR/> (CC: x-7890)\n
Action.c(243):           </td> </tr> </table>\n
Action.c(243):           </center>\n
Action.c(243):       </TD>\n
Action.c(243):     </TR>\n
Action.c(243):     <TR bgcolor="#EFF2F7">\n
Action.c(243):       <TD COLSPAN="3">\n
Action.c(243):       <b>Flight Details:</b><BR/>  <center>\n
Action.c(243):       06/22/2024\n
Action.c(243):      :  8am : Flight 700 leaves Seattle  for Denver.<br>  </center>\n
Action.c(243):       </TD>\n
Action.c(243):     </TR>\n
Action.c(243):     \n
Action.c(243):     <TR bgcolor="#EFF2F7">\n
Action.c(243):       <TD COLSPAN="4">\n
Action.c(243):       <hr/>\n
Action.c(243):       </TD>\n
Action.c(243):     </TR>\n
Action.c(243):     \n
Action.c(243):     <!-- Flight #1 -->\n
Action.c(243):     <TR bgcolor="#EFF2F7">\n
Action.c(243):       <TD width="5%" rowspan="2" align="left" valign="top">\n
Action.c(243):     <b>\n
Action.c(243):     <label><input type="checkbox" name="24" value="on" /></label></font></b>\n
Action.c(243):     <input type="hidden" name="flightID" value="29223716-18488-NB"  />\n
Action.c(243):       </TD>\n
Action.c(243):       <TD width="45%" valign="top">\n
Action.c(243):           <b>&nbsp;&nbsp;A Coach class ticket for :</b><br/>\n
Action.c(243):           <center><table border="0" width="85%"><tr><td>\n
Action.c(243):           <li><i> Neils Bohr\n
Action.c(243):           <li><i></i>\n
Action.c(243):           </td></tr></table></center>\n
Action.c(243):       </TD>\n
Action.c(243):       <TD width="5%" >.<br/>.<br/>.<br/>.</TD>\n
Action.c(243):       <TD width="45%" valign=top><b>Invoice sent to:</b><br/>\n
Action.c(243):           <center>\n
Action.c(243):           <Table width="80%" cellspacing="0" > <tr> <td>\n
Action.c(243):               Neils Bohr\n
Action.c(243):     <br/>\n
Action.c(243):               456 Atomic Ave<br/>\n
Action.c(243):               Copenhagen<br/>\n
Action.c(243):               <br/>\n
Action.c(243):               Total Charge: $ 350 <BR/> (CC: x-7890)\n
Action.c(243):           </td> </tr> </table>\n
Action.c(243):           </center>\n
Action.c(243):       </TD>\n
Action.c(243):     </TR>\n
Action.c(243):     <TR bgcolor="#EFF2F7">\n
Action.c(243):       <TD COLSPAN="3">\n
Action.c(243):       <b>Flight Details:</b><BR/>  <center>\n
Action.c(243):       06/22/2024\n
Action.c(243):      :  8am : Flight 40 leaves Denver  for Paris.<br>  </center>\n
Action.c(243):       </TD>\n
Action.c(243):     </TR>\n
Action.c(243):     \n
Action.c(243):     <TR bgcolor="#EFF2F7">\n
Action.c(243):       <TD COLSPAN="4">\n
Action.c(243):       <hr/>\n
Action.c(243):       </TD>\n
Action.c(243):     </TR>\n
Action.c(243):     \n
Action.c(243):     <!-- Flight #1 -->\n
Action.c(243):     <TR bgcolor="#EFF2F7">\n
Action.c(243):       <TD width="5%" rowspan="2" align="left" valign="top">\n
Action.c(243):     <b>\n
Action.c(243):     <label><input type="checkbox" name="25" value="on" /></label></font></b>\n
Action.c(243):     <input type="hidden" name="flightID" value="29223558-1929-NB"  />\n
Action.c(243):       </TD>\n
Action.c(243):       <TD width="45%" valign="top">\n
Action.c(243):           <b>&nbsp;&nbsp;A Business class ticket for :</b><br/>\n
Action.c(243):           <center><table border="0" width="85%"><tr><td>\n
Action.c(243):           <li><i> Neils Bohr\n
Action.c(243):           <li><i></i>\n
Action.c(243):           </td></tr></table></center>\n
Action.c(243):       </TD>\n
Action.c(243):       <TD width="5%" >.<br/>.<br/>.<br/>.</TD>\n
Action.c(243):       <TD width="45%" valign=top><b>Invoice sent to:</b><br/>\n
Action.c(243):           <center>\n
Action.c(243):           <Table width="80%" cellspacing="0" > <tr> <td>\n
Action.c(243):               Neils Bohr\n
Action.c(243):     <br/>\n
Action.c(243):               456 Atomic Ave<br/>\n
Action.c(243):               Copenhagen<br/>\n
Action.c(243):               <br/>\n
Action.c(243):               Total Charge: $ 87 <BR/> (CC: x-7890)\n
Action.c(243):           </td> </tr> </table>\n
Action.c(243):           </center>\n
Action.c(243):       </TD>\n
Action.c(243):     </TR>\n
Action.c(243):     <TR bgcolor="#EFF2F7">\n
Action.c(243):       <TD COLSPAN="3">\n
Action.c(243):       <b>Flight Details:</b><BR/>  <center>\n
Action.c(243):       06/22/2024\n
Action.c(243):      :  8am : Flight 360 leaves Los Angeles  for San Francisco.<br>  </center>\n
Action.c(243):       </TD>\n
Action.c(243):     </TR>\n
Action.c(243):     \n
Action.c(243):     <TR bgcolor="#EFF2F7">\n
Action.c(243):       <TD COLSPAN="4">\n
Action.c(243):       <hr/>\n
Action.c(243):       </TD>\n
Action.c(243):     </TR>\n
Action.c(243):     <TR>\n
Action.c(243):        <TD align="center" COLSPAN="4">\n
Action.c(243):        <b>A total of 25 scheduled flights.</font></b>\n
Action.c(243):        </TD>\n
Action.c(243):     </TR>\n
Action.c(243):     </TABLE>\n
Action.c(243):     \n
Action.c(243):     <TABLE WIDTH="87%" BORDER="0" CELLSPACING="0">\n
Action.c(243):     <TR>\n
Action.c(243):     <TD alig
Action.c(243): t=1333283ms: 7-byte chunked response overhead for "http://localhost:1080/cgi-bin/itinerary.pl" (RelFrameId=1.2, Internal ID=833)
Action.c(243):     \r\n
Action.c(243):     63c\r\n
Action.c(243): t=1333283ms: 7-byte chunked response overhead for "http://localhost:1080/cgi-bin/itinerary.pl" (RelFrameId=1.2, Internal ID=833)
Action.c(243):     \r\n
Action.c(243):     0\r\n
Action.c(243):     \r\n
Action.c(243): t=1333283ms: 1644-byte chunked response body for "http://localhost:1080/cgi-bin/itinerary.pl" (RelFrameId=1.2, Internal ID=833)
Action.c(243):     n="left" width="50%" >\n
Action.c(243):     <input type="image" name="removeFlights" src="/WebTours/images/cancelreservation.gif" bord
Action.c(243):     er="0" /></TD>\n
Action.c(243):     <TD align="right" width="50%" >\n
Action.c(243):     <input type="image" name="removeAllFlights" src="/WebTours/images/cancelallreservations.gi
Action.c(243):     f" border="0" /></TD>\n
Action.c(243):     </TABLE>\n
Action.c(243):     \n
Action.c(243):     <div><input type="hidden" name=".cgifields" value="11"  /><input type="hidden" name=".cgif
Action.c(243):     ields" value="21"  /><input type="hidden" name=".cgifields" value="7"  /><input type="hidd
Action.c(243):     en" name=".cgifields" value="17"  /><input type="hidden" name=".cgifields" value="2"  /><i
Action.c(243):     nput type="hidden" name=".cgifields" value="22"  /><input type="hidden" name=".cgifields" 
Action.c(243):     value="1"  /><input type="hidden" name=".cgifields" value="18"  /><input type="hidden" nam
Action.c(243):     e=".cgifields" value="23"  /><input type="hidden" name=".cgifields" value="16"  /><input t
Action.c(243):     ype="hidden" name=".cgifields" value="13"  /><input type="hidden" name=".cgifields" value=
Action.c(243):     "25"  /><input type="hidden" name=".cgifields" value="6"  /><input type="hidden" name=".cg
Action.c(243):     ifields" value="3"  /><input type="hidden" name=".cgifields" value="9"  /><input type="hid
Action.c(243):     den" name=".cgifields" value="12"  /><input type="hidden" name=".cgifields" value="20"  />
Action.c(243):     <input type="hidden" name=".cgifields" value="14"  /><input type="hidden" name=".cgifields
Action.c(243):     " value="15"  /><input type="hidden" name=".cgifields" value="8"  /><input type="hidden" n
Action.c(243):     ame=".cgifields" value="4"  /><input type="hidden" name=".cgifields" value="24"  /><input 
Action.c(243):     type="hidden" name=".cgifields" value="19"  /><input type="hidden" name=".cgifields" value
Action.c(243):     ="10"  /><input type="hidden" name=".cgifields" value="5"  /></div></form>\n
Action.c(243):     \n
Action.c(243):     </center>\n
Action.c(243):     \n
Action.c(243):     </body>\n
Action.c(243):     </html>
Action.c(243): Found resource "http://localhost:1080/WebTours/images/cancelreservation.gif" in HTML "http://localhost:1080/cgi-bin/itinerary.pl"  	[MsgId: MMSG-26659]
Action.c(243): Found resource "http://localhost:1080/WebTours/images/cancelallreservations.gif" in HTML "http://localhost:1080/cgi-bin/itinerary.pl"  	[MsgId: MMSG-26659]
Action.c(243): t=1333284ms: Request done "http://localhost:1080/cgi-bin/itinerary.pl"  	[MsgId: MMSG-26000]
Action.c(243): t=1333284ms: Already connected [1] to localhost:1080  	[MsgId: MMSG-26000]
Action.c(243): t=1333284ms: 538-byte request headers for "http://localhost:1080/WebTours/images/cancelreservation.gif" (RelFrameId=, Internal ID=835)
Action.c(243):     GET /WebTours/images/cancelreservation.gif HTTP/1.1\r\n
Action.c(243):     Referer: http://localhost:1080/cgi-bin/itinerary.pl\r\n
Action.c(243):     Priority: u=4\r\n
Action.c(243):     DNT: 1\r\n
Action.c(243):     Sec-GPC: 1\r\n
Action.c(243):     Origin: http://localhost:1080\r\n
Action.c(243):     User-Agent: Mozilla/5.0 (Windows NT 10.0; Win64; x64; rv:126.0) Gecko/20100101 Firefox/126
Action.c(243):     .0\r\n
Action.c(243):     Accept-Encoding: gzip, deflate, br, zstd\r\n
Action.c(243):     Accept-Language: en-US,en;q=0.5\r\n
Action.c(243):     Accept: */*\r\n
Action.c(243):     Connection: Keep-Alive\r\n
Action.c(243):     Host: localhost:1080\r\n
Action.c(243):     Cookie: MSO=SID&1718826436; MTUserInfo=firstName&&address2&&username&neilsbohr&hash&114&la
Action.c(243):     stName&%0A&address1&&creditCard&&expDate&%0A\r\n
Action.c(243):     \r\n
Action.c(243): t=1333285ms: Connecting [3] to host 127.0.0.1:1080  	[MsgId: MMSG-26000]
Action.c(243): t=1333285ms: 297-byte response headers for "http://localhost:1080/WebTours/images/in_itinerary.gif" (RelFrameId=, Internal ID=834)
Action.c(243):     HTTP/1.1 200 OK\r\n
Action.c(243):     Date: Wed, 19 Jun 2024 19:47:42 GMT\r\n
Action.c(243):     Server: Apache/2.2.21 (Win32)\r\n
Action.c(243):     Last-Modified: Tue, 21 May 2024 17:23:58 GMT\r\n
Action.c(243):     ETag: "900000008d20c-2dd-618fa155085b7"\r\n
Action.c(243):     Accept-Ranges: bytes\r\n
Action.c(243):     Content-Length: 733\r\n
Action.c(243):     Keep-Alive: timeout=5, max=97\r\n
Action.c(243):     Connection: Keep-Alive\r\n
Action.c(243):     Content-Type: image/gif\r\n
Action.c(243):     \r\n
Action.c(243): t=1333286ms: 733-byte response body for "http://localhost:1080/WebTours/images/in_itinerary.gif" (RelFrameId=, Internal ID=834)
Action.c(243): t=1333286ms: Request done "http://localhost:1080/WebTours/images/in_itinerary.gif"  	[MsgId: MMSG-26000]
Action.c(243): t=1333286ms: Connected socket [3] from 127.0.0.1:28406 to 127.0.0.1:1080 in 1 ms  	[MsgId: MMSG-26000]
Action.c(243): t=1333286ms: 542-byte request headers for "http://localhost:1080/WebTours/images/cancelallreservations.gif" (RelFrameId=, Internal ID=836)
Action.c(243):     GET /WebTours/images/cancelallreservations.gif HTTP/1.1\r\n
Action.c(243):     Referer: http://localhost:1080/cgi-bin/itinerary.pl\r\n
Action.c(243):     Priority: u=4\r\n
Action.c(243):     DNT: 1\r\n
Action.c(243):     Sec-GPC: 1\r\n
Action.c(243):     Origin: http://localhost:1080\r\n
Action.c(243):     User-Agent: Mozilla/5.0 (Windows NT 10.0; Win64; x64; rv:126.0) Gecko/20100101 Firefox/126
Action.c(243):     .0\r\n
Action.c(243):     Accept-Encoding: gzip, deflate, br, zstd\r\n
Action.c(243):     Accept-Language: en-US,en;q=0.5\r\n
Action.c(243):     Accept: */*\r\n
Action.c(243):     Connection: Keep-Alive\r\n
Action.c(243):     Host: localhost:1080\r\n
Action.c(243):     Cookie: MSO=SID&1718826436; MTUserInfo=firstName&&address2&&username&neilsbohr&hash&114&la
Action.c(243):     stName&%0A&address1&&creditCard&&expDate&%0A\r\n
Action.c(243):     \r\n
Action.c(243): t=1333287ms: 299-byte response headers for "http://localhost:1080/WebTours/images/cancelallreservations.gif" (RelFrameId=, Internal ID=836)
Action.c(243):     HTTP/1.1 200 OK\r\n
Action.c(243):     Date: Wed, 19 Jun 2024 19:47:42 GMT\r\n
Action.c(243):     Server: Apache/2.2.21 (Win32)\r\n
Action.c(243):     Last-Modified: Tue, 21 May 2024 17:23:58 GMT\r\n
Action.c(243):     ETag: "1b00000008d17e-2e6-618fa154dbc15"\r\n
Action.c(243):     Accept-Ranges: bytes\r\n
Action.c(243):     Content-Length: 742\r\n
Action.c(243):     Keep-Alive: timeout=5, max=100\r\n
Action.c(243):     Connection: Keep-Alive\r\n
Action.c(243):     Content-Type: image/gif\r\n
Action.c(243):     \r\n
Action.c(243): t=1333288ms: 742-byte response body for "http://localhost:1080/WebTours/images/cancelallreservations.gif" (RelFrameId=, Internal ID=836)
Action.c(243): t=1333288ms: Request done "http://localhost:1080/WebTours/images/cancelallreservations.gif"  	[MsgId: MMSG-26000]
Action.c(243): t=1333306ms: 298-byte response headers for "http://localhost:1080/WebTours/images/cancelreservation.gif" (RelFrameId=, Internal ID=835)
Action.c(243):     HTTP/1.1 200 OK\r\n
Action.c(243):     Date: Wed, 19 Jun 2024 19:47:42 GMT\r\n
Action.c(243):     Server: Apache/2.2.21 (Win32)\r\n
Action.c(243):     Last-Modified: Tue, 21 May 2024 17:23:58 GMT\r\n
Action.c(243):     ETag: "2000000008d182-33f-618fa154e00a8"\r\n
Action.c(243):     Accept-Ranges: bytes\r\n
Action.c(243):     Content-Length: 831\r\n
Action.c(243):     Keep-Alive: timeout=5, max=99\r\n
Action.c(243):     Connection: Keep-Alive\r\n
Action.c(243):     Content-Type: image/gif\r\n
Action.c(243):     \r\n
Action.c(243): t=1333307ms: 831-byte response body for "http://localhost:1080/WebTours/images/cancelreservation.gif" (RelFrameId=, Internal ID=835)
Action.c(243): t=1333307ms: Request done "http://localhost:1080/WebTours/images/cancelreservation.gif"  	[MsgId: MMSG-26000]
Action.c(243): Registered web_reg_find successful for "Text=User wants the intineraries" (count=1)  	[MsgId: MMSG-26364]
Action.c(243): Registered web_reg_find successful for "Text=Itinerary" (count=3)  	[MsgId: MMSG-26364]
Action.c(243): web_url("Itinerary Button") was successful, 34523 body bytes, 1621 header bytes, 91 chunking overhead bytes  	[MsgId: MMSG-26385]
Action.c(253): Notify: Transaction "go_Itinerary" ended with a "Pass" status (Duration: 0.1922 Wasted Time: 0.0001).	[MsgId: MMSG-16871]
Action.c(255): Notify: Transaction "UC2_Find_ticket" ended with a "Pass" status (Duration: 26.2546 Think Time: 25.0427 Wasted Time: 0.0016).	[MsgId: MMSG-16870]
Ending action Action.	[MsgId: MMSG-15918]
Action was aborted.	[MsgId: MMSG-10694]
Ending Vuser...	[MsgId: MMSG-15966]
Starting action vuser_end.	[MsgId: MMSG-15919]
Ending action vuser_end.	[MsgId: MMSG-15918]
Vuser Terminated.	[MsgId: MMSG-15963]
t=1333308ms: Closed connection [0] to localhost:1080 after completing 4 request(s)  	[MsgId: MMSG-26000]
t=1333308ms: Closed connection [1] to localhost:1080 after completing 2 request(s)  	[MsgId: MMSG-26000]
t=1333308ms: Closed connection [2] to localhost:1080 after completing 1 request(s)  	[MsgId: MMSG-26000]
t=1333308ms: Closed connection [3] to localhost:1080 after completing 1 request(s)  	[MsgId: MMSG-26000]
HTML-Mode memory management statistics: Reusable=11, NonReusable=0, CsMemBlockSize=4096, checks disabled  	[MsgId: MMSG-26000]
Vuser 1 (thread 22760), ended OK."	[MsgId: MMSG-10695]
