Start auto log messages stack - Iteration 1.	[MsgId: MMSG-10545]
Action.c(113): web_remove_auto_header("Upgrade-Insecure-Requests") started  	[MsgId: MMSG-26355]
Action.c(113): Previous automatically added web header for "Upgrade-Insecure-Requests" removed  	[MsgId: MMSG-26587]
Action.c(113): web_remove/revert_auto_header("Upgrade-Insecure-Requests") was successful  	[MsgId: MMSG-26392]
Action.c(115): web_add_header("Origin") started  	[MsgId: MMSG-26355]
Action.c(115): web_add_header("Origin") was successful  	[MsgId: MMSG-26392]
Action.c(118): web_add_auto_header("Priority") started  	[MsgId: MMSG-26355]
Action.c(118): web_add_auto_header("Priority") was successful  	[MsgId: MMSG-26392]
Action.c(122): web_submit_data("login.pl") started  	[MsgId: MMSG-26355]
Action.c(122): Error -26366: "Text=User password was correct" not found for web_reg_find  	[MsgId: MERR-26366]
End auto log messages stack.	[MsgId: MMSG-10544]


Start auto log messages stack - Iteration 1.	[MsgId: MMSG-10545]
Action.c(113): web_remove_auto_header("Upgrade-Insecure-Requests") started  	[MsgId: MMSG-26355]
Action.c(113): Previous automatically added web header for "Upgrade-Insecure-Requests" removed  	[MsgId: MMSG-26587]
Action.c(113): web_remove/revert_auto_header("Upgrade-Insecure-Requests") was successful  	[MsgId: MMSG-26392]
Action.c(115): web_add_header("Origin") started  	[MsgId: MMSG-26355]
Action.c(115): web_add_header("Origin") was successful  	[MsgId: MMSG-26392]
Action.c(118): web_add_auto_header("Priority") started  	[MsgId: MMSG-26355]
Action.c(118): web_add_auto_header("Priority") was successful  	[MsgId: MMSG-26392]
Action.c(122): web_submit_data("login.pl") started  	[MsgId: MMSG-26355]
Action.c(122): Error -26366: "Text=User password was correct" not found for web_reg_find  	[MsgId: MERR-26366]
End auto log messages stack.	[MsgId: MMSG-10544]


Start auto log messages stack - Iteration 2.	[MsgId: MMSG-10545]
Action.c(113): web_remove_auto_header("Upgrade-Insecure-Requests") started  	[MsgId: MMSG-26355]
Action.c(113): Previous automatically added web header for "Upgrade-Insecure-Requests" removed  	[MsgId: MMSG-26587]
Action.c(113): web_remove/revert_auto_header("Upgrade-Insecure-Requests") was successful  	[MsgId: MMSG-26392]
Action.c(115): web_add_header("Origin") started  	[MsgId: MMSG-26355]
Action.c(115): web_add_header("Origin") was successful  	[MsgId: MMSG-26392]
Action.c(118): web_add_auto_header("Priority") started  	[MsgId: MMSG-26355]
Action.c(118): web_add_auto_header("Priority") was successful  	[MsgId: MMSG-26392]
Action.c(122): web_submit_data("login.pl") started  	[MsgId: MMSG-26355]
Action.c(122): Error -26366: "Text=User password was correct" not found for web_reg_find  	[MsgId: MERR-26366]
End auto log messages stack.	[MsgId: MMSG-10544]


Start auto log messages stack - Iteration 2.	[MsgId: MMSG-10545]
Action.c(113): web_remove_auto_header("Upgrade-Insecure-Requests") started  	[MsgId: MMSG-26355]
Action.c(113): Previous automatically added web header for "Upgrade-Insecure-Requests" removed  	[MsgId: MMSG-26587]
Action.c(113): web_remove/revert_auto_header("Upgrade-Insecure-Requests") was successful  	[MsgId: MMSG-26392]
Action.c(115): web_add_header("Origin") started  	[MsgId: MMSG-26355]
Action.c(115): web_add_header("Origin") was successful  	[MsgId: MMSG-26392]
Action.c(118): web_add_auto_header("Priority") started  	[MsgId: MMSG-26355]
Action.c(118): web_add_auto_header("Priority") was successful  	[MsgId: MMSG-26392]
Action.c(122): web_submit_data("login.pl") started  	[MsgId: MMSG-26355]
Action.c(122): Error -26366: "Text=User password was correct" not found for web_reg_find  	[MsgId: MERR-26366]
End auto log messages stack.	[MsgId: MMSG-10544]


Start auto log messages stack - Iteration 3.	[MsgId: MMSG-10545]
Action.c(113): web_remove_auto_header("Upgrade-Insecure-Requests") started  	[MsgId: MMSG-26355]
Action.c(113): Previous automatically added web header for "Upgrade-Insecure-Requests" removed  	[MsgId: MMSG-26587]
Action.c(113): web_remove/revert_auto_header("Upgrade-Insecure-Requests") was successful  	[MsgId: MMSG-26392]
Action.c(115): web_add_header("Origin") started  	[MsgId: MMSG-26355]
Action.c(115): web_add_header("Origin") was successful  	[MsgId: MMSG-26392]
Action.c(118): web_add_auto_header("Priority") started  	[MsgId: MMSG-26355]
Action.c(118): web_add_auto_header("Priority") was successful  	[MsgId: MMSG-26392]
Action.c(122): web_submit_data("login.pl") started  	[MsgId: MMSG-26355]
Action.c(122): Error -26366: "Text=User password was correct" not found for web_reg_find  	[MsgId: MERR-26366]
End auto log messages stack.	[MsgId: MMSG-10544]


Start auto log messages stack - Iteration 3.	[MsgId: MMSG-10545]
Action.c(113): web_remove_auto_header("Upgrade-Insecure-Requests") started  	[MsgId: MMSG-26355]
Action.c(113): Previous automatically added web header for "Upgrade-Insecure-Requests" removed  	[MsgId: MMSG-26587]
Action.c(113): web_remove/revert_auto_header("Upgrade-Insecure-Requests") was successful  	[MsgId: MMSG-26392]
Action.c(115): web_add_header("Origin") started  	[MsgId: MMSG-26355]
Action.c(115): web_add_header("Origin") was successful  	[MsgId: MMSG-26392]
Action.c(118): web_add_auto_header("Priority") started  	[MsgId: MMSG-26355]
Action.c(118): web_add_auto_header("Priority") was successful  	[MsgId: MMSG-26392]
Action.c(122): web_submit_data("login.pl") started  	[MsgId: MMSG-26355]
Action.c(122): Error -26366: "Text=User password was correct" not found for web_reg_find  	[MsgId: MERR-26366]
End auto log messages stack.	[MsgId: MMSG-10544]


Start auto log messages stack - Iteration 4.	[MsgId: MMSG-10545]
Action.c(113): web_remove_auto_header("Upgrade-Insecure-Requests") started  	[MsgId: MMSG-26355]
Action.c(113): Previous automatically added web header for "Upgrade-Insecure-Requests" removed  	[MsgId: MMSG-26587]
Action.c(113): web_remove/revert_auto_header("Upgrade-Insecure-Requests") was successful  	[MsgId: MMSG-26392]
Action.c(115): web_add_header("Origin") started  	[MsgId: MMSG-26355]
Action.c(115): web_add_header("Origin") was successful  	[MsgId: MMSG-26392]
Action.c(118): web_add_auto_header("Priority") started  	[MsgId: MMSG-26355]
Action.c(118): web_add_auto_header("Priority") was successful  	[MsgId: MMSG-26392]
Action.c(122): web_submit_data("login.pl") started  	[MsgId: MMSG-26355]
Action.c(122): Error -26366: "Text=User password was correct" not found for web_reg_find  	[MsgId: MERR-26366]
End auto log messages stack.	[MsgId: MMSG-10544]


Start auto log messages stack - Iteration 5.	[MsgId: MMSG-10545]
Action.c(113): web_remove_auto_header("Upgrade-Insecure-Requests") started  	[MsgId: MMSG-26355]
Action.c(113): Previous automatically added web header for "Upgrade-Insecure-Requests" removed  	[MsgId: MMSG-26587]
Action.c(113): web_remove/revert_auto_header("Upgrade-Insecure-Requests") was successful  	[MsgId: MMSG-26392]
Action.c(115): web_add_header("Origin") started  	[MsgId: MMSG-26355]
Action.c(115): web_add_header("Origin") was successful  	[MsgId: MMSG-26392]
Action.c(118): web_add_auto_header("Priority") started  	[MsgId: MMSG-26355]
Action.c(118): web_add_auto_header("Priority") was successful  	[MsgId: MMSG-26392]
Action.c(122): web_submit_data("login.pl") started  	[MsgId: MMSG-26355]
Action.c(122): Error -26366: "Text=User password was correct" not found for web_reg_find  	[MsgId: MERR-26366]
End auto log messages stack.	[MsgId: MMSG-10544]


Start auto log messages stack - Iteration 5.	[MsgId: MMSG-10545]
Action.c(113): web_remove_auto_header("Upgrade-Insecure-Requests") started  	[MsgId: MMSG-26355]
Action.c(113): Previous automatically added web header for "Upgrade-Insecure-Requests" removed  	[MsgId: MMSG-26587]
Action.c(113): web_remove/revert_auto_header("Upgrade-Insecure-Requests") was successful  	[MsgId: MMSG-26392]
Action.c(115): web_add_header("Origin") started  	[MsgId: MMSG-26355]
Action.c(115): web_add_header("Origin") was successful  	[MsgId: MMSG-26392]
Action.c(118): web_add_auto_header("Priority") started  	[MsgId: MMSG-26355]
Action.c(118): web_add_auto_header("Priority") was successful  	[MsgId: MMSG-26392]
Action.c(122): web_submit_data("login.pl") started  	[MsgId: MMSG-26355]
Action.c(122): Error -26366: "Text=User password was correct" not found for web_reg_find  	[MsgId: MERR-26366]
End auto log messages stack.	[MsgId: MMSG-10544]


Start auto log messages stack - Iteration 6.	[MsgId: MMSG-10545]
Action.c(113): web_remove_auto_header("Upgrade-Insecure-Requests") started  	[MsgId: MMSG-26355]
Action.c(113): Previous automatically added web header for "Upgrade-Insecure-Requests" removed  	[MsgId: MMSG-26587]
Action.c(113): web_remove/revert_auto_header("Upgrade-Insecure-Requests") was successful  	[MsgId: MMSG-26392]
Action.c(115): web_add_header("Origin") started  	[MsgId: MMSG-26355]
Action.c(115): web_add_header("Origin") was successful  	[MsgId: MMSG-26392]
Action.c(118): web_add_auto_header("Priority") started  	[MsgId: MMSG-26355]
Action.c(118): web_add_auto_header("Priority") was successful  	[MsgId: MMSG-26392]
Action.c(122): web_submit_data("login.pl") started  	[MsgId: MMSG-26355]
Action.c(122): Error -26366: "Text=User password was correct" not found for web_reg_find  	[MsgId: MERR-26366]
End auto log messages stack.	[MsgId: MMSG-10544]


Start auto log messages stack - Iteration 7.	[MsgId: MMSG-10545]
Action.c(113): web_remove_auto_header("Upgrade-Insecure-Requests") started  	[MsgId: MMSG-26355]
Action.c(113): Previous automatically added web header for "Upgrade-Insecure-Requests" removed  	[MsgId: MMSG-26587]
Action.c(113): web_remove/revert_auto_header("Upgrade-Insecure-Requests") was successful  	[MsgId: MMSG-26392]
Action.c(115): web_add_header("Origin") started  	[MsgId: MMSG-26355]
Action.c(115): web_add_header("Origin") was successful  	[MsgId: MMSG-26392]
Action.c(118): web_add_auto_header("Priority") started  	[MsgId: MMSG-26355]
Action.c(118): web_add_auto_header("Priority") was successful  	[MsgId: MMSG-26392]
Action.c(122): web_submit_data("login.pl") started  	[MsgId: MMSG-26355]
Action.c(122): Error -26366: "Text=User password was correct" not found for web_reg_find  	[MsgId: MERR-26366]
End auto log messages stack.	[MsgId: MMSG-10544]


Start auto log messages stack - Iteration 7.	[MsgId: MMSG-10545]
Action.c(113): web_remove_auto_header("Upgrade-Insecure-Requests") started  	[MsgId: MMSG-26355]
Action.c(113): Previous automatically added web header for "Upgrade-Insecure-Requests" removed  	[MsgId: MMSG-26587]
Action.c(113): web_remove/revert_auto_header("Upgrade-Insecure-Requests") was successful  	[MsgId: MMSG-26392]
Action.c(115): web_add_header("Origin") started  	[MsgId: MMSG-26355]
Action.c(115): web_add_header("Origin") was successful  	[MsgId: MMSG-26392]
Action.c(118): web_add_auto_header("Priority") started  	[MsgId: MMSG-26355]
Action.c(118): web_add_auto_header("Priority") was successful  	[MsgId: MMSG-26392]
Action.c(122): web_submit_data("login.pl") started  	[MsgId: MMSG-26355]
Action.c(122): Error -26366: "Text=User password was correct" not found for web_reg_find  	[MsgId: MERR-26366]
End auto log messages stack.	[MsgId: MMSG-10544]


Start auto log messages stack - Iteration 8.	[MsgId: MMSG-10545]
Action.c(113): web_remove_auto_header("Upgrade-Insecure-Requests") started  	[MsgId: MMSG-26355]
Action.c(113): Previous automatically added web header for "Upgrade-Insecure-Requests" removed  	[MsgId: MMSG-26587]
Action.c(113): web_remove/revert_auto_header("Upgrade-Insecure-Requests") was successful  	[MsgId: MMSG-26392]
Action.c(115): web_add_header("Origin") started  	[MsgId: MMSG-26355]
Action.c(115): web_add_header("Origin") was successful  	[MsgId: MMSG-26392]
Action.c(118): web_add_auto_header("Priority") started  	[MsgId: MMSG-26355]
Action.c(118): web_add_auto_header("Priority") was successful  	[MsgId: MMSG-26392]
Action.c(122): web_submit_data("login.pl") started  	[MsgId: MMSG-26355]
Action.c(122): Error -26366: "Text=User password was correct" not found for web_reg_find  	[MsgId: MERR-26366]
End auto log messages stack.	[MsgId: MMSG-10544]


Start auto log messages stack - Iteration 8.	[MsgId: MMSG-10545]
Action.c(113): web_remove_auto_header("Upgrade-Insecure-Requests") started  	[MsgId: MMSG-26355]
Action.c(113): Previous automatically added web header for "Upgrade-Insecure-Requests" removed  	[MsgId: MMSG-26587]
Action.c(113): web_remove/revert_auto_header("Upgrade-Insecure-Requests") was successful  	[MsgId: MMSG-26392]
Action.c(115): web_add_header("Origin") started  	[MsgId: MMSG-26355]
Action.c(115): web_add_header("Origin") was successful  	[MsgId: MMSG-26392]
Action.c(118): web_add_auto_header("Priority") started  	[MsgId: MMSG-26355]
Action.c(118): web_add_auto_header("Priority") was successful  	[MsgId: MMSG-26392]
Action.c(122): web_submit_data("login.pl") started  	[MsgId: MMSG-26355]
Action.c(122): Error -26366: "Text=User password was correct" not found for web_reg_find  	[MsgId: MERR-26366]
End auto log messages stack.	[MsgId: MMSG-10544]


Start auto log messages stack - Iteration 9.	[MsgId: MMSG-10545]
Action.c(113): web_remove_auto_header("Upgrade-Insecure-Requests") started  	[MsgId: MMSG-26355]
Action.c(113): Previous automatically added web header for "Upgrade-Insecure-Requests" removed  	[MsgId: MMSG-26587]
Action.c(113): web_remove/revert_auto_header("Upgrade-Insecure-Requests") was successful  	[MsgId: MMSG-26392]
Action.c(115): web_add_header("Origin") started  	[MsgId: MMSG-26355]
Action.c(115): web_add_header("Origin") was successful  	[MsgId: MMSG-26392]
Action.c(118): web_add_auto_header("Priority") started  	[MsgId: MMSG-26355]
Action.c(118): web_add_auto_header("Priority") was successful  	[MsgId: MMSG-26392]
Action.c(122): web_submit_data("login.pl") started  	[MsgId: MMSG-26355]
Action.c(122): Error -26366: "Text=User password was correct" not found for web_reg_find  	[MsgId: MERR-26366]
End auto log messages stack.	[MsgId: MMSG-10544]


Start auto log messages stack - Iteration 9.	[MsgId: MMSG-10545]
Action.c(113): web_remove_auto_header("Upgrade-Insecure-Requests") started  	[MsgId: MMSG-26355]
Action.c(113): Previous automatically added web header for "Upgrade-Insecure-Requests" removed  	[MsgId: MMSG-26587]
Action.c(113): web_remove/revert_auto_header("Upgrade-Insecure-Requests") was successful  	[MsgId: MMSG-26392]
Action.c(115): web_add_header("Origin") started  	[MsgId: MMSG-26355]
Action.c(115): web_add_header("Origin") was successful  	[MsgId: MMSG-26392]
Action.c(118): web_add_auto_header("Priority") started  	[MsgId: MMSG-26355]
Action.c(118): web_add_auto_header("Priority") was successful  	[MsgId: MMSG-26392]
Action.c(122): web_submit_data("login.pl") started  	[MsgId: MMSG-26355]
Action.c(122): Error -26366: "Text=User password was correct" not found for web_reg_find  	[MsgId: MERR-26366]
End auto log messages stack.	[MsgId: MMSG-10544]


Start auto log messages stack - Iteration 10.	[MsgId: MMSG-10545]
Action.c(113): web_remove_auto_header("Upgrade-Insecure-Requests") started  	[MsgId: MMSG-26355]
Action.c(113): Previous automatically added web header for "Upgrade-Insecure-Requests" removed  	[MsgId: MMSG-26587]
Action.c(113): web_remove/revert_auto_header("Upgrade-Insecure-Requests") was successful  	[MsgId: MMSG-26392]
Action.c(115): web_add_header("Origin") started  	[MsgId: MMSG-26355]
Action.c(115): web_add_header("Origin") was successful  	[MsgId: MMSG-26392]
Action.c(118): web_add_auto_header("Priority") started  	[MsgId: MMSG-26355]
Action.c(118): web_add_auto_header("Priority") was successful  	[MsgId: MMSG-26392]
Action.c(122): web_submit_data("login.pl") started  	[MsgId: MMSG-26355]
Action.c(122): Error -26366: "Text=User password was correct" not found for web_reg_find  	[MsgId: MERR-26366]
End auto log messages stack.	[MsgId: MMSG-10544]


Start auto log messages stack - Iteration 10.	[MsgId: MMSG-10545]
Action.c(113): web_remove_auto_header("Upgrade-Insecure-Requests") started  	[MsgId: MMSG-26355]
Action.c(113): Previous automatically added web header for "Upgrade-Insecure-Requests" removed  	[MsgId: MMSG-26587]
Action.c(113): web_remove/revert_auto_header("Upgrade-Insecure-Requests") was successful  	[MsgId: MMSG-26392]
Action.c(115): web_add_header("Origin") started  	[MsgId: MMSG-26355]
Action.c(115): web_add_header("Origin") was successful  	[MsgId: MMSG-26392]
Action.c(118): web_add_auto_header("Priority") started  	[MsgId: MMSG-26355]
Action.c(118): web_add_auto_header("Priority") was successful  	[MsgId: MMSG-26392]
Action.c(122): web_submit_data("login.pl") started  	[MsgId: MMSG-26355]
Action.c(122): Error -26366: "Text=User password was correct" not found for web_reg_find  	[MsgId: MERR-26366]
End auto log messages stack.	[MsgId: MMSG-10544]


Start auto log messages stack - Iteration 11.	[MsgId: MMSG-10545]
Action.c(113): web_remove_auto_header("Upgrade-Insecure-Requests") started  	[MsgId: MMSG-26355]
Action.c(113): Previous automatically added web header for "Upgrade-Insecure-Requests" removed  	[MsgId: MMSG-26587]
Action.c(113): web_remove/revert_auto_header("Upgrade-Insecure-Requests") was successful  	[MsgId: MMSG-26392]
Action.c(115): web_add_header("Origin") started  	[MsgId: MMSG-26355]
Action.c(115): web_add_header("Origin") was successful  	[MsgId: MMSG-26392]
Action.c(118): web_add_auto_header("Priority") started  	[MsgId: MMSG-26355]
Action.c(118): web_add_auto_header("Priority") was successful  	[MsgId: MMSG-26392]
Action.c(122): web_submit_data("login.pl") started  	[MsgId: MMSG-26355]
Action.c(122): Error -26366: "Text=User password was correct" not found for web_reg_find  	[MsgId: MERR-26366]
End auto log messages stack.	[MsgId: MMSG-10544]


Start auto log messages stack - Iteration 11.	[MsgId: MMSG-10545]
Action.c(113): web_remove_auto_header("Upgrade-Insecure-Requests") started  	[MsgId: MMSG-26355]
Action.c(113): Previous automatically added web header for "Upgrade-Insecure-Requests" removed  	[MsgId: MMSG-26587]
Action.c(113): web_remove/revert_auto_header("Upgrade-Insecure-Requests") was successful  	[MsgId: MMSG-26392]
Action.c(115): web_add_header("Origin") started  	[MsgId: MMSG-26355]
Action.c(115): web_add_header("Origin") was successful  	[MsgId: MMSG-26392]
Action.c(118): web_add_auto_header("Priority") started  	[MsgId: MMSG-26355]
Action.c(118): web_add_auto_header("Priority") was successful  	[MsgId: MMSG-26392]
Action.c(122): web_submit_data("login.pl") started  	[MsgId: MMSG-26355]
Action.c(122): Error -26366: "Text=User password was correct" not found for web_reg_find  	[MsgId: MERR-26366]
End auto log messages stack.	[MsgId: MMSG-10544]


Start auto log messages stack - Iteration 12.	[MsgId: MMSG-10545]
Action.c(113): web_remove_auto_header("Upgrade-Insecure-Requests") started  	[MsgId: MMSG-26355]
Action.c(113): Previous automatically added web header for "Upgrade-Insecure-Requests" removed  	[MsgId: MMSG-26587]
Action.c(113): web_remove/revert_auto_header("Upgrade-Insecure-Requests") was successful  	[MsgId: MMSG-26392]
Action.c(115): web_add_header("Origin") started  	[MsgId: MMSG-26355]
Action.c(115): web_add_header("Origin") was successful  	[MsgId: MMSG-26392]
Action.c(118): web_add_auto_header("Priority") started  	[MsgId: MMSG-26355]
Action.c(118): web_add_auto_header("Priority") was successful  	[MsgId: MMSG-26392]
Action.c(122): web_submit_data("login.pl") started  	[MsgId: MMSG-26355]
Action.c(122): Error -26366: "Text=User password was correct" not found for web_reg_find  	[MsgId: MERR-26366]
End auto log messages stack.	[MsgId: MMSG-10544]


Start auto log messages stack - Iteration 13.	[MsgId: MMSG-10545]
Action.c(113): web_remove_auto_header("Upgrade-Insecure-Requests") started  	[MsgId: MMSG-26355]
Action.c(113): Previous automatically added web header for "Upgrade-Insecure-Requests" removed  	[MsgId: MMSG-26587]
Action.c(113): web_remove/revert_auto_header("Upgrade-Insecure-Requests") was successful  	[MsgId: MMSG-26392]
Action.c(115): web_add_header("Origin") started  	[MsgId: MMSG-26355]
Action.c(115): web_add_header("Origin") was successful  	[MsgId: MMSG-26392]
Action.c(118): web_add_auto_header("Priority") started  	[MsgId: MMSG-26355]
Action.c(118): web_add_auto_header("Priority") was successful  	[MsgId: MMSG-26392]
Action.c(122): web_submit_data("login.pl") started  	[MsgId: MMSG-26355]
Action.c(122): Error -26366: "Text=User password was correct" not found for web_reg_find  	[MsgId: MERR-26366]
End auto log messages stack.	[MsgId: MMSG-10544]


Start auto log messages stack - Iteration 14.	[MsgId: MMSG-10545]
Action.c(113): web_remove_auto_header("Upgrade-Insecure-Requests") started  	[MsgId: MMSG-26355]
Action.c(113): Previous automatically added web header for "Upgrade-Insecure-Requests" removed  	[MsgId: MMSG-26587]
Action.c(113): web_remove/revert_auto_header("Upgrade-Insecure-Requests") was successful  	[MsgId: MMSG-26392]
Action.c(115): web_add_header("Origin") started  	[MsgId: MMSG-26355]
Action.c(115): web_add_header("Origin") was successful  	[MsgId: MMSG-26392]
Action.c(118): web_add_auto_header("Priority") started  	[MsgId: MMSG-26355]
Action.c(118): web_add_auto_header("Priority") was successful  	[MsgId: MMSG-26392]
Action.c(122): web_submit_data("login.pl") started  	[MsgId: MMSG-26355]
Action.c(122): Error -26366: "Text=User password was correct" not found for web_reg_find  	[MsgId: MERR-26366]
End auto log messages stack.	[MsgId: MMSG-10544]


Start auto log messages stack - Iteration 15.	[MsgId: MMSG-10545]
Action.c(113): web_remove_auto_header("Upgrade-Insecure-Requests") started  	[MsgId: MMSG-26355]
Action.c(113): Previous automatically added web header for "Upgrade-Insecure-Requests" removed  	[MsgId: MMSG-26587]
Action.c(113): web_remove/revert_auto_header("Upgrade-Insecure-Requests") was successful  	[MsgId: MMSG-26392]
Action.c(115): web_add_header("Origin") started  	[MsgId: MMSG-26355]
Action.c(115): web_add_header("Origin") was successful  	[MsgId: MMSG-26392]
Action.c(118): web_add_auto_header("Priority") started  	[MsgId: MMSG-26355]
Action.c(118): web_add_auto_header("Priority") was successful  	[MsgId: MMSG-26392]
Action.c(122): web_submit_data("login.pl") started  	[MsgId: MMSG-26355]
Action.c(122): Error -26366: "Text=User password was correct" not found for web_reg_find  	[MsgId: MERR-26366]
End auto log messages stack.	[MsgId: MMSG-10544]


Start auto log messages stack - Iteration 16.	[MsgId: MMSG-10545]
Action.c(113): web_remove_auto_header("Upgrade-Insecure-Requests") started  	[MsgId: MMSG-26355]
Action.c(113): Previous automatically added web header for "Upgrade-Insecure-Requests" removed  	[MsgId: MMSG-26587]
Action.c(113): web_remove/revert_auto_header("Upgrade-Insecure-Requests") was successful  	[MsgId: MMSG-26392]
Action.c(115): web_add_header("Origin") started  	[MsgId: MMSG-26355]
Action.c(115): web_add_header("Origin") was successful  	[MsgId: MMSG-26392]
Action.c(118): web_add_auto_header("Priority") started  	[MsgId: MMSG-26355]
Action.c(118): web_add_auto_header("Priority") was successful  	[MsgId: MMSG-26392]
Action.c(122): web_submit_data("login.pl") started  	[MsgId: MMSG-26355]
Action.c(122): Error -26366: "Text=User password was correct" not found for web_reg_find  	[MsgId: MERR-26366]
End auto log messages stack.	[MsgId: MMSG-10544]


Start auto log messages stack - Iteration 17.	[MsgId: MMSG-10545]
Action.c(113): web_remove_auto_header("Upgrade-Insecure-Requests") started  	[MsgId: MMSG-26355]
Action.c(113): Previous automatically added web header for "Upgrade-Insecure-Requests" removed  	[MsgId: MMSG-26587]
Action.c(113): web_remove/revert_auto_header("Upgrade-Insecure-Requests") was successful  	[MsgId: MMSG-26392]
Action.c(115): web_add_header("Origin") started  	[MsgId: MMSG-26355]
Action.c(115): web_add_header("Origin") was successful  	[MsgId: MMSG-26392]
Action.c(118): web_add_auto_header("Priority") started  	[MsgId: MMSG-26355]
Action.c(118): web_add_auto_header("Priority") was successful  	[MsgId: MMSG-26392]
Action.c(122): web_submit_data("login.pl") started  	[MsgId: MMSG-26355]
Action.c(122): Error -26366: "Text=User password was correct" not found for web_reg_find  	[MsgId: MERR-26366]
End auto log messages stack.	[MsgId: MMSG-10544]


Start auto log messages stack - Iteration 18.	[MsgId: MMSG-10545]
Action.c(113): web_remove_auto_header("Upgrade-Insecure-Requests") started  	[MsgId: MMSG-26355]
Action.c(113): Previous automatically added web header for "Upgrade-Insecure-Requests" removed  	[MsgId: MMSG-26587]
Action.c(113): web_remove/revert_auto_header("Upgrade-Insecure-Requests") was successful  	[MsgId: MMSG-26392]
Action.c(115): web_add_header("Origin") started  	[MsgId: MMSG-26355]
Action.c(115): web_add_header("Origin") was successful  	[MsgId: MMSG-26392]
Action.c(118): web_add_auto_header("Priority") started  	[MsgId: MMSG-26355]
Action.c(118): web_add_auto_header("Priority") was successful  	[MsgId: MMSG-26392]
Action.c(122): web_submit_data("login.pl") started  	[MsgId: MMSG-26355]
Action.c(122): Error -26366: "Text=User password was correct" not found for web_reg_find  	[MsgId: MERR-26366]
End auto log messages stack.	[MsgId: MMSG-10544]


Start auto log messages stack - Iteration 18.	[MsgId: MMSG-10545]
Action.c(113): web_remove_auto_header("Upgrade-Insecure-Requests") started  	[MsgId: MMSG-26355]
Action.c(113): Previous automatically added web header for "Upgrade-Insecure-Requests" removed  	[MsgId: MMSG-26587]
Action.c(113): web_remove/revert_auto_header("Upgrade-Insecure-Requests") was successful  	[MsgId: MMSG-26392]
Action.c(115): web_add_header("Origin") started  	[MsgId: MMSG-26355]
Action.c(115): web_add_header("Origin") was successful  	[MsgId: MMSG-26392]
Action.c(118): web_add_auto_header("Priority") started  	[MsgId: MMSG-26355]
Action.c(118): web_add_auto_header("Priority") was successful  	[MsgId: MMSG-26392]
Action.c(122): web_submit_data("login.pl") started  	[MsgId: MMSG-26355]
Action.c(122): Error -26366: "Text=User password was correct" not found for web_reg_find  	[MsgId: MERR-26366]
End auto log messages stack.	[MsgId: MMSG-10544]


Start auto log messages stack - Iteration 19.	[MsgId: MMSG-10545]
Action.c(113): web_remove_auto_header("Upgrade-Insecure-Requests") started  	[MsgId: MMSG-26355]
Action.c(113): Previous automatically added web header for "Upgrade-Insecure-Requests" removed  	[MsgId: MMSG-26587]
Action.c(113): web_remove/revert_auto_header("Upgrade-Insecure-Requests") was successful  	[MsgId: MMSG-26392]
Action.c(115): web_add_header("Origin") started  	[MsgId: MMSG-26355]
Action.c(115): web_add_header("Origin") was successful  	[MsgId: MMSG-26392]
Action.c(118): web_add_auto_header("Priority") started  	[MsgId: MMSG-26355]
Action.c(118): web_add_auto_header("Priority") was successful  	[MsgId: MMSG-26392]
Action.c(122): web_submit_data("login.pl") started  	[MsgId: MMSG-26355]
Action.c(122): Error -26366: "Text=User password was correct" not found for web_reg_find  	[MsgId: MERR-26366]
End auto log messages stack.	[MsgId: MMSG-10544]


Start auto log messages stack - Iteration 19.	[MsgId: MMSG-10545]
Action.c(113): web_remove_auto_header("Upgrade-Insecure-Requests") started  	[MsgId: MMSG-26355]
Action.c(113): Previous automatically added web header for "Upgrade-Insecure-Requests" removed  	[MsgId: MMSG-26587]
Action.c(113): web_remove/revert_auto_header("Upgrade-Insecure-Requests") was successful  	[MsgId: MMSG-26392]
Action.c(115): web_add_header("Origin") started  	[MsgId: MMSG-26355]
Action.c(115): web_add_header("Origin") was successful  	[MsgId: MMSG-26392]
Action.c(118): web_add_auto_header("Priority") started  	[MsgId: MMSG-26355]
Action.c(118): web_add_auto_header("Priority") was successful  	[MsgId: MMSG-26392]
Action.c(122): web_submit_data("login.pl") started  	[MsgId: MMSG-26355]
Action.c(122): Error -26366: "Text=User password was correct" not found for web_reg_find  	[MsgId: MERR-26366]
End auto log messages stack.	[MsgId: MMSG-10544]


Start auto log messages stack - Iteration 20.	[MsgId: MMSG-10545]
Action.c(113): web_remove_auto_header("Upgrade-Insecure-Requests") started  	[MsgId: MMSG-26355]
Action.c(113): Previous automatically added web header for "Upgrade-Insecure-Requests" removed  	[MsgId: MMSG-26587]
Action.c(113): web_remove/revert_auto_header("Upgrade-Insecure-Requests") was successful  	[MsgId: MMSG-26392]
Action.c(115): web_add_header("Origin") started  	[MsgId: MMSG-26355]
Action.c(115): web_add_header("Origin") was successful  	[MsgId: MMSG-26392]
Action.c(118): web_add_auto_header("Priority") started  	[MsgId: MMSG-26355]
Action.c(118): web_add_auto_header("Priority") was successful  	[MsgId: MMSG-26392]
Action.c(122): web_submit_data("login.pl") started  	[MsgId: MMSG-26355]
Action.c(122): Error -26366: "Text=User password was correct" not found for web_reg_find  	[MsgId: MERR-26366]
End auto log messages stack.	[MsgId: MMSG-10544]


Start auto log messages stack - Iteration 20.	[MsgId: MMSG-10545]
Action.c(113): web_remove_auto_header("Upgrade-Insecure-Requests") started  	[MsgId: MMSG-26355]
Action.c(113): Previous automatically added web header for "Upgrade-Insecure-Requests" removed  	[MsgId: MMSG-26587]
Action.c(113): web_remove/revert_auto_header("Upgrade-Insecure-Requests") was successful  	[MsgId: MMSG-26392]
Action.c(115): web_add_header("Origin") started  	[MsgId: MMSG-26355]
Action.c(115): web_add_header("Origin") was successful  	[MsgId: MMSG-26392]
Action.c(118): web_add_auto_header("Priority") started  	[MsgId: MMSG-26355]
Action.c(118): web_add_auto_header("Priority") was successful  	[MsgId: MMSG-26392]
Action.c(122): web_submit_data("login.pl") started  	[MsgId: MMSG-26355]
Action.c(122): Error -26366: "Text=User password was correct" not found for web_reg_find  	[MsgId: MERR-26366]
End auto log messages stack.	[MsgId: MMSG-10544]


Start auto log messages stack - Iteration 21.	[MsgId: MMSG-10545]
Action.c(113): web_remove_auto_header("Upgrade-Insecure-Requests") started  	[MsgId: MMSG-26355]
Action.c(113): Previous automatically added web header for "Upgrade-Insecure-Requests" removed  	[MsgId: MMSG-26587]
Action.c(113): web_remove/revert_auto_header("Upgrade-Insecure-Requests") was successful  	[MsgId: MMSG-26392]
Action.c(115): web_add_header("Origin") started  	[MsgId: MMSG-26355]
Action.c(115): web_add_header("Origin") was successful  	[MsgId: MMSG-26392]
Action.c(118): web_add_auto_header("Priority") started  	[MsgId: MMSG-26355]
Action.c(118): web_add_auto_header("Priority") was successful  	[MsgId: MMSG-26392]
Action.c(122): web_submit_data("login.pl") started  	[MsgId: MMSG-26355]
Action.c(122): Error -26366: "Text=User password was correct" not found for web_reg_find  	[MsgId: MERR-26366]
End auto log messages stack.	[MsgId: MMSG-10544]


Start auto log messages stack - Iteration 21.	[MsgId: MMSG-10545]
Action.c(113): web_remove_auto_header("Upgrade-Insecure-Requests") started  	[MsgId: MMSG-26355]
Action.c(113): Previous automatically added web header for "Upgrade-Insecure-Requests" removed  	[MsgId: MMSG-26587]
Action.c(113): web_remove/revert_auto_header("Upgrade-Insecure-Requests") was successful  	[MsgId: MMSG-26392]
Action.c(115): web_add_header("Origin") started  	[MsgId: MMSG-26355]
Action.c(115): web_add_header("Origin") was successful  	[MsgId: MMSG-26392]
Action.c(118): web_add_auto_header("Priority") started  	[MsgId: MMSG-26355]
Action.c(118): web_add_auto_header("Priority") was successful  	[MsgId: MMSG-26392]
Action.c(122): web_submit_data("login.pl") started  	[MsgId: MMSG-26355]
Action.c(122): Error -26366: "Text=User password was correct" not found for web_reg_find  	[MsgId: MERR-26366]
End auto log messages stack.	[MsgId: MMSG-10544]


Start auto log messages stack - Iteration 22.	[MsgId: MMSG-10545]
Action.c(113): web_remove_auto_header("Upgrade-Insecure-Requests") started  	[MsgId: MMSG-26355]
Action.c(113): Previous automatically added web header for "Upgrade-Insecure-Requests" removed  	[MsgId: MMSG-26587]
Action.c(113): web_remove/revert_auto_header("Upgrade-Insecure-Requests") was successful  	[MsgId: MMSG-26392]
Action.c(115): web_add_header("Origin") started  	[MsgId: MMSG-26355]
Action.c(115): web_add_header("Origin") was successful  	[MsgId: MMSG-26392]
Action.c(118): web_add_auto_header("Priority") started  	[MsgId: MMSG-26355]
Action.c(118): web_add_auto_header("Priority") was successful  	[MsgId: MMSG-26392]
Action.c(122): web_submit_data("login.pl") started  	[MsgId: MMSG-26355]
Action.c(122): Error -26366: "Text=User password was correct" not found for web_reg_find  	[MsgId: MERR-26366]
End auto log messages stack.	[MsgId: MMSG-10544]


Start auto log messages stack - Iteration 22.	[MsgId: MMSG-10545]
Action.c(113): web_remove_auto_header("Upgrade-Insecure-Requests") started  	[MsgId: MMSG-26355]
Action.c(113): Previous automatically added web header for "Upgrade-Insecure-Requests" removed  	[MsgId: MMSG-26587]
Action.c(113): web_remove/revert_auto_header("Upgrade-Insecure-Requests") was successful  	[MsgId: MMSG-26392]
Action.c(115): web_add_header("Origin") started  	[MsgId: MMSG-26355]
Action.c(115): web_add_header("Origin") was successful  	[MsgId: MMSG-26392]
Action.c(118): web_add_auto_header("Priority") started  	[MsgId: MMSG-26355]
Action.c(118): web_add_auto_header("Priority") was successful  	[MsgId: MMSG-26392]
Action.c(122): web_submit_data("login.pl") started  	[MsgId: MMSG-26355]
Action.c(122): Error -26366: "Text=User password was correct" not found for web_reg_find  	[MsgId: MERR-26366]
End auto log messages stack.	[MsgId: MMSG-10544]


Start auto log messages stack - Iteration 23.	[MsgId: MMSG-10545]
Action.c(113): web_remove_auto_header("Upgrade-Insecure-Requests") started  	[MsgId: MMSG-26355]
Action.c(113): Previous automatically added web header for "Upgrade-Insecure-Requests" removed  	[MsgId: MMSG-26587]
Action.c(113): web_remove/revert_auto_header("Upgrade-Insecure-Requests") was successful  	[MsgId: MMSG-26392]
Action.c(115): web_add_header("Origin") started  	[MsgId: MMSG-26355]
Action.c(115): web_add_header("Origin") was successful  	[MsgId: MMSG-26392]
Action.c(118): web_add_auto_header("Priority") started  	[MsgId: MMSG-26355]
Action.c(118): web_add_auto_header("Priority") was successful  	[MsgId: MMSG-26392]
Action.c(122): web_submit_data("login.pl") started  	[MsgId: MMSG-26355]
Action.c(122): Error -26366: "Text=User password was correct" not found for web_reg_find  	[MsgId: MERR-26366]
End auto log messages stack.	[MsgId: MMSG-10544]


Start auto log messages stack - Iteration 23.	[MsgId: MMSG-10545]
Action.c(113): web_remove_auto_header("Upgrade-Insecure-Requests") started  	[MsgId: MMSG-26355]
Action.c(113): Previous automatically added web header for "Upgrade-Insecure-Requests" removed  	[MsgId: MMSG-26587]
Action.c(113): web_remove/revert_auto_header("Upgrade-Insecure-Requests") was successful  	[MsgId: MMSG-26392]
Action.c(115): web_add_header("Origin") started  	[MsgId: MMSG-26355]
Action.c(115): web_add_header("Origin") was successful  	[MsgId: MMSG-26392]
Action.c(118): web_add_auto_header("Priority") started  	[MsgId: MMSG-26355]
Action.c(118): web_add_auto_header("Priority") was successful  	[MsgId: MMSG-26392]
Action.c(122): web_submit_data("login.pl") started  	[MsgId: MMSG-26355]
Action.c(122): Error -26366: "Text=User password was correct" not found for web_reg_find  	[MsgId: MERR-26366]
End auto log messages stack.	[MsgId: MMSG-10544]


Start auto log messages stack - Iteration 24.	[MsgId: MMSG-10545]
Action.c(113): web_remove_auto_header("Upgrade-Insecure-Requests") started  	[MsgId: MMSG-26355]
Action.c(113): Previous automatically added web header for "Upgrade-Insecure-Requests" removed  	[MsgId: MMSG-26587]
Action.c(113): web_remove/revert_auto_header("Upgrade-Insecure-Requests") was successful  	[MsgId: MMSG-26392]
Action.c(115): web_add_header("Origin") started  	[MsgId: MMSG-26355]
Action.c(115): web_add_header("Origin") was successful  	[MsgId: MMSG-26392]
Action.c(118): web_add_auto_header("Priority") started  	[MsgId: MMSG-26355]
Action.c(118): web_add_auto_header("Priority") was successful  	[MsgId: MMSG-26392]
Action.c(122): web_submit_data("login.pl") started  	[MsgId: MMSG-26355]
Action.c(122): Error -26366: "Text=User password was correct" not found for web_reg_find  	[MsgId: MERR-26366]
End auto log messages stack.	[MsgId: MMSG-10544]


Start auto log messages stack - Iteration 24.	[MsgId: MMSG-10545]
Action.c(113): web_remove_auto_header("Upgrade-Insecure-Requests") started  	[MsgId: MMSG-26355]
Action.c(113): Previous automatically added web header for "Upgrade-Insecure-Requests" removed  	[MsgId: MMSG-26587]
Action.c(113): web_remove/revert_auto_header("Upgrade-Insecure-Requests") was successful  	[MsgId: MMSG-26392]
Action.c(115): web_add_header("Origin") started  	[MsgId: MMSG-26355]
Action.c(115): web_add_header("Origin") was successful  	[MsgId: MMSG-26392]
Action.c(118): web_add_auto_header("Priority") started  	[MsgId: MMSG-26355]
Action.c(118): web_add_auto_header("Priority") was successful  	[MsgId: MMSG-26392]
Action.c(122): web_submit_data("login.pl") started  	[MsgId: MMSG-26355]
Action.c(122): Error -26366: "Text=User password was correct" not found for web_reg_find  	[MsgId: MERR-26366]
End auto log messages stack.	[MsgId: MMSG-10544]


Start auto log messages stack - Iteration 25.	[MsgId: MMSG-10545]
Action.c(113): web_remove_auto_header("Upgrade-Insecure-Requests") started  	[MsgId: MMSG-26355]
Action.c(113): Previous automatically added web header for "Upgrade-Insecure-Requests" removed  	[MsgId: MMSG-26587]
Action.c(113): web_remove/revert_auto_header("Upgrade-Insecure-Requests") was successful  	[MsgId: MMSG-26392]
Action.c(115): web_add_header("Origin") started  	[MsgId: MMSG-26355]
Action.c(115): web_add_header("Origin") was successful  	[MsgId: MMSG-26392]
Action.c(118): web_add_auto_header("Priority") started  	[MsgId: MMSG-26355]
Action.c(118): web_add_auto_header("Priority") was successful  	[MsgId: MMSG-26392]
Action.c(122): web_submit_data("login.pl") started  	[MsgId: MMSG-26355]
Action.c(122): Error -26366: "Text=User password was correct" not found for web_reg_find  	[MsgId: MERR-26366]
End auto log messages stack.	[MsgId: MMSG-10544]


Start auto log messages stack - Iteration 25.	[MsgId: MMSG-10545]
Action.c(113): web_remove_auto_header("Upgrade-Insecure-Requests") started  	[MsgId: MMSG-26355]
Action.c(113): Previous automatically added web header for "Upgrade-Insecure-Requests" removed  	[MsgId: MMSG-26587]
Action.c(113): web_remove/revert_auto_header("Upgrade-Insecure-Requests") was successful  	[MsgId: MMSG-26392]
Action.c(115): web_add_header("Origin") started  	[MsgId: MMSG-26355]
Action.c(115): web_add_header("Origin") was successful  	[MsgId: MMSG-26392]
Action.c(118): web_add_auto_header("Priority") started  	[MsgId: MMSG-26355]
Action.c(118): web_add_auto_header("Priority") was successful  	[MsgId: MMSG-26392]
Action.c(122): web_submit_data("login.pl") started  	[MsgId: MMSG-26355]
Action.c(122): Error -26366: "Text=User password was correct" not found for web_reg_find  	[MsgId: MERR-26366]
End auto log messages stack.	[MsgId: MMSG-10544]


Start auto log messages stack - Iteration 26.	[MsgId: MMSG-10545]
Action.c(113): web_remove_auto_header("Upgrade-Insecure-Requests") started  	[MsgId: MMSG-26355]
Action.c(113): Previous automatically added web header for "Upgrade-Insecure-Requests" removed  	[MsgId: MMSG-26587]
Action.c(113): web_remove/revert_auto_header("Upgrade-Insecure-Requests") was successful  	[MsgId: MMSG-26392]
Action.c(115): web_add_header("Origin") started  	[MsgId: MMSG-26355]
Action.c(115): web_add_header("Origin") was successful  	[MsgId: MMSG-26392]
Action.c(118): web_add_auto_header("Priority") started  	[MsgId: MMSG-26355]
Action.c(118): web_add_auto_header("Priority") was successful  	[MsgId: MMSG-26392]
Action.c(122): web_submit_data("login.pl") started  	[MsgId: MMSG-26355]
Action.c(122): Error -26366: "Text=User password was correct" not found for web_reg_find  	[MsgId: MERR-26366]
End auto log messages stack.	[MsgId: MMSG-10544]


Start auto log messages stack - Iteration 26.	[MsgId: MMSG-10545]
Action.c(113): web_remove_auto_header("Upgrade-Insecure-Requests") started  	[MsgId: MMSG-26355]
Action.c(113): Previous automatically added web header for "Upgrade-Insecure-Requests" removed  	[MsgId: MMSG-26587]
Action.c(113): web_remove/revert_auto_header("Upgrade-Insecure-Requests") was successful  	[MsgId: MMSG-26392]
Action.c(115): web_add_header("Origin") started  	[MsgId: MMSG-26355]
Action.c(115): web_add_header("Origin") was successful  	[MsgId: MMSG-26392]
Action.c(118): web_add_auto_header("Priority") started  	[MsgId: MMSG-26355]
Action.c(118): web_add_auto_header("Priority") was successful  	[MsgId: MMSG-26392]
Action.c(122): web_submit_data("login.pl") started  	[MsgId: MMSG-26355]
Action.c(122): Error -26366: "Text=User password was correct" not found for web_reg_find  	[MsgId: MERR-26366]
End auto log messages stack.	[MsgId: MMSG-10544]


Start auto log messages stack - Iteration 27.	[MsgId: MMSG-10545]
Action.c(113): web_remove_auto_header("Upgrade-Insecure-Requests") started  	[MsgId: MMSG-26355]
Action.c(113): Previous automatically added web header for "Upgrade-Insecure-Requests" removed  	[MsgId: MMSG-26587]
Action.c(113): web_remove/revert_auto_header("Upgrade-Insecure-Requests") was successful  	[MsgId: MMSG-26392]
Action.c(115): web_add_header("Origin") started  	[MsgId: MMSG-26355]
Action.c(115): web_add_header("Origin") was successful  	[MsgId: MMSG-26392]
Action.c(118): web_add_auto_header("Priority") started  	[MsgId: MMSG-26355]
Action.c(118): web_add_auto_header("Priority") was successful  	[MsgId: MMSG-26392]
Action.c(122): web_submit_data("login.pl") started  	[MsgId: MMSG-26355]
Action.c(122): Error -26366: "Text=User password was correct" not found for web_reg_find  	[MsgId: MERR-26366]
End auto log messages stack.	[MsgId: MMSG-10544]


Start auto log messages stack - Iteration 27.	[MsgId: MMSG-10545]
Action.c(113): web_remove_auto_header("Upgrade-Insecure-Requests") started  	[MsgId: MMSG-26355]
Action.c(113): Previous automatically added web header for "Upgrade-Insecure-Requests" removed  	[MsgId: MMSG-26587]
Action.c(113): web_remove/revert_auto_header("Upgrade-Insecure-Requests") was successful  	[MsgId: MMSG-26392]
Action.c(115): web_add_header("Origin") started  	[MsgId: MMSG-26355]
Action.c(115): web_add_header("Origin") was successful  	[MsgId: MMSG-26392]
Action.c(118): web_add_auto_header("Priority") started  	[MsgId: MMSG-26355]
Action.c(118): web_add_auto_header("Priority") was successful  	[MsgId: MMSG-26392]
Action.c(122): web_submit_data("login.pl") started  	[MsgId: MMSG-26355]
Action.c(122): Error -26366: "Text=User password was correct" not found for web_reg_find  	[MsgId: MERR-26366]
End auto log messages stack.	[MsgId: MMSG-10544]


Start auto log messages stack - Iteration 28.	[MsgId: MMSG-10545]
Action.c(113): web_remove_auto_header("Upgrade-Insecure-Requests") started  	[MsgId: MMSG-26355]
Action.c(113): Previous automatically added web header for "Upgrade-Insecure-Requests" removed  	[MsgId: MMSG-26587]
Action.c(113): web_remove/revert_auto_header("Upgrade-Insecure-Requests") was successful  	[MsgId: MMSG-26392]
Action.c(115): web_add_header("Origin") started  	[MsgId: MMSG-26355]
Action.c(115): web_add_header("Origin") was successful  	[MsgId: MMSG-26392]
Action.c(118): web_add_auto_header("Priority") started  	[MsgId: MMSG-26355]
Action.c(118): web_add_auto_header("Priority") was successful  	[MsgId: MMSG-26392]
Action.c(122): web_submit_data("login.pl") started  	[MsgId: MMSG-26355]
Action.c(122): Error -26366: "Text=User password was correct" not found for web_reg_find  	[MsgId: MERR-26366]
End auto log messages stack.	[MsgId: MMSG-10544]


Start auto log messages stack - Iteration 29.	[MsgId: MMSG-10545]
Action.c(113): web_remove_auto_header("Upgrade-Insecure-Requests") started  	[MsgId: MMSG-26355]
Action.c(113): Previous automatically added web header for "Upgrade-Insecure-Requests" removed  	[MsgId: MMSG-26587]
Action.c(113): web_remove/revert_auto_header("Upgrade-Insecure-Requests") was successful  	[MsgId: MMSG-26392]
Action.c(115): web_add_header("Origin") started  	[MsgId: MMSG-26355]
Action.c(115): web_add_header("Origin") was successful  	[MsgId: MMSG-26392]
Action.c(118): web_add_auto_header("Priority") started  	[MsgId: MMSG-26355]
Action.c(118): web_add_auto_header("Priority") was successful  	[MsgId: MMSG-26392]
Action.c(122): web_submit_data("login.pl") started  	[MsgId: MMSG-26355]
Action.c(122): Error -26366: "Text=User password was correct" not found for web_reg_find  	[MsgId: MERR-26366]
End auto log messages stack.	[MsgId: MMSG-10544]


Start auto log messages stack - Iteration 30.	[MsgId: MMSG-10545]
Action.c(113): web_remove_auto_header("Upgrade-Insecure-Requests") started  	[MsgId: MMSG-26355]
Action.c(113): Previous automatically added web header for "Upgrade-Insecure-Requests" removed  	[MsgId: MMSG-26587]
Action.c(113): web_remove/revert_auto_header("Upgrade-Insecure-Requests") was successful  	[MsgId: MMSG-26392]
Action.c(115): web_add_header("Origin") started  	[MsgId: MMSG-26355]
Action.c(115): web_add_header("Origin") was successful  	[MsgId: MMSG-26392]
Action.c(118): web_add_auto_header("Priority") started  	[MsgId: MMSG-26355]
Action.c(118): web_add_auto_header("Priority") was successful  	[MsgId: MMSG-26392]
Action.c(122): web_submit_data("login.pl") started  	[MsgId: MMSG-26355]
Action.c(122): Error -26366: "Text=User password was correct" not found for web_reg_find  	[MsgId: MERR-26366]
End auto log messages stack.	[MsgId: MMSG-10544]


Start auto log messages stack - Iteration 31.	[MsgId: MMSG-10545]
Action.c(113): web_remove_auto_header("Upgrade-Insecure-Requests") started  	[MsgId: MMSG-26355]
Action.c(113): Previous automatically added web header for "Upgrade-Insecure-Requests" removed  	[MsgId: MMSG-26587]
Action.c(113): web_remove/revert_auto_header("Upgrade-Insecure-Requests") was successful  	[MsgId: MMSG-26392]
Action.c(115): web_add_header("Origin") started  	[MsgId: MMSG-26355]
Action.c(115): web_add_header("Origin") was successful  	[MsgId: MMSG-26392]
Action.c(118): web_add_auto_header("Priority") started  	[MsgId: MMSG-26355]
Action.c(118): web_add_auto_header("Priority") was successful  	[MsgId: MMSG-26392]
Action.c(122): web_submit_data("login.pl") started  	[MsgId: MMSG-26355]
Action.c(122): Error -26366: "Text=User password was correct" not found for web_reg_find  	[MsgId: MERR-26366]
End auto log messages stack.	[MsgId: MMSG-10544]


Start auto log messages stack - Iteration 32.	[MsgId: MMSG-10545]
Action.c(113): web_remove_auto_header("Upgrade-Insecure-Requests") started  	[MsgId: MMSG-26355]
Action.c(113): Previous automatically added web header for "Upgrade-Insecure-Requests" removed  	[MsgId: MMSG-26587]
Action.c(113): web_remove/revert_auto_header("Upgrade-Insecure-Requests") was successful  	[MsgId: MMSG-26392]
Action.c(115): web_add_header("Origin") started  	[MsgId: MMSG-26355]
Action.c(115): web_add_header("Origin") was successful  	[MsgId: MMSG-26392]
Action.c(118): web_add_auto_header("Priority") started  	[MsgId: MMSG-26355]
Action.c(118): web_add_auto_header("Priority") was successful  	[MsgId: MMSG-26392]
Action.c(122): web_submit_data("login.pl") started  	[MsgId: MMSG-26355]
Action.c(122): Error -26366: "Text=User password was correct" not found for web_reg_find  	[MsgId: MERR-26366]
End auto log messages stack.	[MsgId: MMSG-10544]


Start auto log messages stack - Iteration 33.	[MsgId: MMSG-10545]
Action.c(113): web_remove_auto_header("Upgrade-Insecure-Requests") started  	[MsgId: MMSG-26355]
Action.c(113): Previous automatically added web header for "Upgrade-Insecure-Requests" removed  	[MsgId: MMSG-26587]
Action.c(113): web_remove/revert_auto_header("Upgrade-Insecure-Requests") was successful  	[MsgId: MMSG-26392]
Action.c(115): web_add_header("Origin") started  	[MsgId: MMSG-26355]
Action.c(115): web_add_header("Origin") was successful  	[MsgId: MMSG-26392]
Action.c(118): web_add_auto_header("Priority") started  	[MsgId: MMSG-26355]
Action.c(118): web_add_auto_header("Priority") was successful  	[MsgId: MMSG-26392]
Action.c(122): web_submit_data("login.pl") started  	[MsgId: MMSG-26355]
Action.c(122): Error -26366: "Text=User password was correct" not found for web_reg_find  	[MsgId: MERR-26366]
End auto log messages stack.	[MsgId: MMSG-10544]


Start auto log messages stack - Iteration 34.	[MsgId: MMSG-10545]
Action.c(113): web_remove_auto_header("Upgrade-Insecure-Requests") started  	[MsgId: MMSG-26355]
Action.c(113): Previous automatically added web header for "Upgrade-Insecure-Requests" removed  	[MsgId: MMSG-26587]
Action.c(113): web_remove/revert_auto_header("Upgrade-Insecure-Requests") was successful  	[MsgId: MMSG-26392]
Action.c(115): web_add_header("Origin") started  	[MsgId: MMSG-26355]
Action.c(115): web_add_header("Origin") was successful  	[MsgId: MMSG-26392]
Action.c(118): web_add_auto_header("Priority") started  	[MsgId: MMSG-26355]
Action.c(118): web_add_auto_header("Priority") was successful  	[MsgId: MMSG-26392]
Action.c(122): web_submit_data("login.pl") started  	[MsgId: MMSG-26355]
Action.c(122): Error -26366: "Text=User password was correct" not found for web_reg_find  	[MsgId: MERR-26366]
End auto log messages stack.	[MsgId: MMSG-10544]


Start auto log messages stack - Iteration 35.	[MsgId: MMSG-10545]
Action.c(113): web_remove_auto_header("Upgrade-Insecure-Requests") started  	[MsgId: MMSG-26355]
Action.c(113): Previous automatically added web header for "Upgrade-Insecure-Requests" removed  	[MsgId: MMSG-26587]
Action.c(113): web_remove/revert_auto_header("Upgrade-Insecure-Requests") was successful  	[MsgId: MMSG-26392]
Action.c(115): web_add_header("Origin") started  	[MsgId: MMSG-26355]
Action.c(115): web_add_header("Origin") was successful  	[MsgId: MMSG-26392]
Action.c(118): web_add_auto_header("Priority") started  	[MsgId: MMSG-26355]
Action.c(118): web_add_auto_header("Priority") was successful  	[MsgId: MMSG-26392]
Action.c(122): web_submit_data("login.pl") started  	[MsgId: MMSG-26355]
Action.c(122): Error -26366: "Text=User password was correct" not found for web_reg_find  	[MsgId: MERR-26366]
End auto log messages stack.	[MsgId: MMSG-10544]


Start auto log messages stack - Iteration 36.	[MsgId: MMSG-10545]
Action.c(113): web_remove_auto_header("Upgrade-Insecure-Requests") started  	[MsgId: MMSG-26355]
Action.c(113): Previous automatically added web header for "Upgrade-Insecure-Requests" removed  	[MsgId: MMSG-26587]
Action.c(113): web_remove/revert_auto_header("Upgrade-Insecure-Requests") was successful  	[MsgId: MMSG-26392]
Action.c(115): web_add_header("Origin") started  	[MsgId: MMSG-26355]
Action.c(115): web_add_header("Origin") was successful  	[MsgId: MMSG-26392]
Action.c(118): web_add_auto_header("Priority") started  	[MsgId: MMSG-26355]
Action.c(118): web_add_auto_header("Priority") was successful  	[MsgId: MMSG-26392]
Action.c(122): web_submit_data("login.pl") started  	[MsgId: MMSG-26355]
Action.c(122): Error -26366: "Text=User password was correct" not found for web_reg_find  	[MsgId: MERR-26366]
End auto log messages stack.	[MsgId: MMSG-10544]


Start auto log messages stack - Iteration 37.	[MsgId: MMSG-10545]
Action.c(113): web_remove_auto_header("Upgrade-Insecure-Requests") started  	[MsgId: MMSG-26355]
Action.c(113): Previous automatically added web header for "Upgrade-Insecure-Requests" removed  	[MsgId: MMSG-26587]
Action.c(113): web_remove/revert_auto_header("Upgrade-Insecure-Requests") was successful  	[MsgId: MMSG-26392]
Action.c(115): web_add_header("Origin") started  	[MsgId: MMSG-26355]
Action.c(115): web_add_header("Origin") was successful  	[MsgId: MMSG-26392]
Action.c(118): web_add_auto_header("Priority") started  	[MsgId: MMSG-26355]
Action.c(118): web_add_auto_header("Priority") was successful  	[MsgId: MMSG-26392]
Action.c(122): web_submit_data("login.pl") started  	[MsgId: MMSG-26355]
Action.c(122): Error -26366: "Text=User password was correct" not found for web_reg_find  	[MsgId: MERR-26366]
End auto log messages stack.	[MsgId: MMSG-10544]


Start auto log messages stack - Iteration 38.	[MsgId: MMSG-10545]
Action.c(113): web_remove_auto_header("Upgrade-Insecure-Requests") started  	[MsgId: MMSG-26355]
Action.c(113): Previous automatically added web header for "Upgrade-Insecure-Requests" removed  	[MsgId: MMSG-26587]
Action.c(113): web_remove/revert_auto_header("Upgrade-Insecure-Requests") was successful  	[MsgId: MMSG-26392]
Action.c(115): web_add_header("Origin") started  	[MsgId: MMSG-26355]
Action.c(115): web_add_header("Origin") was successful  	[MsgId: MMSG-26392]
Action.c(118): web_add_auto_header("Priority") started  	[MsgId: MMSG-26355]
Action.c(118): web_add_auto_header("Priority") was successful  	[MsgId: MMSG-26392]
Action.c(122): web_submit_data("login.pl") started  	[MsgId: MMSG-26355]
Action.c(122): Error -26366: "Text=User password was correct" not found for web_reg_find  	[MsgId: MERR-26366]
End auto log messages stack.	[MsgId: MMSG-10544]


