Error: missing newline in C:\Users\User_1\Documents\VuGen\Scripts\UC1_Loginout\..\Parameters\UsersDataMovie.dat	[MsgId: MERR-13874]
Start auto log messages stack - Iteration 1.	[MsgId: MMSG-10545]
Action.c(113): web_remove_auto_header("Upgrade-Insecure-Requests") started  	[MsgId: MMSG-26355]
Action.c(113): Previous automatically added web header for "Upgrade-Insecure-Requests" removed  	[MsgId: MMSG-26587]
Action.c(113): web_remove/revert_auto_header("Upgrade-Insecure-Requests") was successful  	[MsgId: MMSG-26392]
Action.c(115): web_add_header("Origin") started  	[MsgId: MMSG-26355]
Action.c(115): web_add_header("Origin") was successful  	[MsgId: MMSG-26392]
Action.c(118): web_add_auto_header("Priority") started  	[MsgId: MMSG-26355]
Action.c(118): web_add_auto_header("Priority") was successful  	[MsgId: MMSG-26392]
Action.c(122): web_submit_data("login.pl") started  	[MsgId: MMSG-26355]
Action.c(122): Error -26366: "Text=User password was correct" not found for web_reg_find  	[MsgId: MERR-26366]
End auto log messages stack.	[MsgId: MMSG-10544]


Start auto log messages stack - Iteration 7.	[MsgId: MMSG-10545]
Action.c(113): web_remove_auto_header("Upgrade-Insecure-Requests") started  	[MsgId: MMSG-26355]
Action.c(113): Previous automatically added web header for "Upgrade-Insecure-Requests" removed  	[MsgId: MMSG-26587]
Action.c(113): web_remove/revert_auto_header("Upgrade-Insecure-Requests") was successful  	[MsgId: MMSG-26392]
Action.c(115): web_add_header("Origin") started  	[MsgId: MMSG-26355]
Action.c(115): web_add_header("Origin") was successful  	[MsgId: MMSG-26392]
Action.c(118): web_add_auto_header("Priority") started  	[MsgId: MMSG-26355]
Action.c(118): web_add_auto_header("Priority") was successful  	[MsgId: MMSG-26392]
Action.c(122): web_submit_data("login.pl") started  	[MsgId: MMSG-26355]
Action.c(122): Error -26366: "Text=User password was correct" not found for web_reg_find  	[MsgId: MERR-26366]
End auto log messages stack.	[MsgId: MMSG-10544]


Start auto log messages stack - Iteration 8.	[MsgId: MMSG-10545]
Action.c(113): web_remove_auto_header("Upgrade-Insecure-Requests") started  	[MsgId: MMSG-26355]
Action.c(113): Previous automatically added web header for "Upgrade-Insecure-Requests" removed  	[MsgId: MMSG-26587]
Action.c(113): web_remove/revert_auto_header("Upgrade-Insecure-Requests") was successful  	[MsgId: MMSG-26392]
Action.c(115): web_add_header("Origin") started  	[MsgId: MMSG-26355]
Action.c(115): web_add_header("Origin") was successful  	[MsgId: MMSG-26392]
Action.c(118): web_add_auto_header("Priority") started  	[MsgId: MMSG-26355]
Action.c(118): web_add_auto_header("Priority") was successful  	[MsgId: MMSG-26392]
Action.c(122): web_submit_data("login.pl") started  	[MsgId: MMSG-26355]
Action.c(122): Error -26366: "Text=User password was correct" not found for web_reg_find  	[MsgId: MERR-26366]
End auto log messages stack.	[MsgId: MMSG-10544]


Start auto log messages stack - Iteration 10.	[MsgId: MMSG-10545]
Action.c(113): web_remove_auto_header("Upgrade-Insecure-Requests") started  	[MsgId: MMSG-26355]
Action.c(113): Previous automatically added web header for "Upgrade-Insecure-Requests" removed  	[MsgId: MMSG-26587]
Action.c(113): web_remove/revert_auto_header("Upgrade-Insecure-Requests") was successful  	[MsgId: MMSG-26392]
Action.c(115): web_add_header("Origin") started  	[MsgId: MMSG-26355]
Action.c(115): web_add_header("Origin") was successful  	[MsgId: MMSG-26392]
Action.c(118): web_add_auto_header("Priority") started  	[MsgId: MMSG-26355]
Action.c(118): web_add_auto_header("Priority") was successful  	[MsgId: MMSG-26392]
Action.c(122): web_submit_data("login.pl") started  	[MsgId: MMSG-26355]
Action.c(122): Error -26366: "Text=User password was correct" not found for web_reg_find  	[MsgId: MERR-26366]
End auto log messages stack.	[MsgId: MMSG-10544]


Start auto log messages stack - Iteration 11.	[MsgId: MMSG-10545]
Action.c(113): web_remove_auto_header("Upgrade-Insecure-Requests") started  	[MsgId: MMSG-26355]
Action.c(113): Previous automatically added web header for "Upgrade-Insecure-Requests" removed  	[MsgId: MMSG-26587]
Action.c(113): web_remove/revert_auto_header("Upgrade-Insecure-Requests") was successful  	[MsgId: MMSG-26392]
Action.c(115): web_add_header("Origin") started  	[MsgId: MMSG-26355]
Action.c(115): web_add_header("Origin") was successful  	[MsgId: MMSG-26392]
Action.c(118): web_add_auto_header("Priority") started  	[MsgId: MMSG-26355]
Action.c(118): web_add_auto_header("Priority") was successful  	[MsgId: MMSG-26392]
Action.c(122): web_submit_data("login.pl") started  	[MsgId: MMSG-26355]
Action.c(122): Error -26366: "Text=User password was correct" not found for web_reg_find  	[MsgId: MERR-26366]
End auto log messages stack.	[MsgId: MMSG-10544]


Start auto log messages stack - Iteration 12.	[MsgId: MMSG-10545]
Action.c(113): web_remove_auto_header("Upgrade-Insecure-Requests") started  	[MsgId: MMSG-26355]
Action.c(113): Previous automatically added web header for "Upgrade-Insecure-Requests" removed  	[MsgId: MMSG-26587]
Action.c(113): web_remove/revert_auto_header("Upgrade-Insecure-Requests") was successful  	[MsgId: MMSG-26392]
Action.c(115): web_add_header("Origin") started  	[MsgId: MMSG-26355]
Action.c(115): web_add_header("Origin") was successful  	[MsgId: MMSG-26392]
Action.c(118): web_add_auto_header("Priority") started  	[MsgId: MMSG-26355]
Action.c(118): web_add_auto_header("Priority") was successful  	[MsgId: MMSG-26392]
Action.c(122): web_submit_data("login.pl") started  	[MsgId: MMSG-26355]
Action.c(122): Error -26366: "Text=User password was correct" not found for web_reg_find  	[MsgId: MERR-26366]
End auto log messages stack.	[MsgId: MMSG-10544]


Start auto log messages stack - Iteration 13.	[MsgId: MMSG-10545]
Action.c(113): web_remove_auto_header("Upgrade-Insecure-Requests") started  	[MsgId: MMSG-26355]
Action.c(113): Previous automatically added web header for "Upgrade-Insecure-Requests" removed  	[MsgId: MMSG-26587]
Action.c(113): web_remove/revert_auto_header("Upgrade-Insecure-Requests") was successful  	[MsgId: MMSG-26392]
Action.c(115): web_add_header("Origin") started  	[MsgId: MMSG-26355]
Action.c(115): web_add_header("Origin") was successful  	[MsgId: MMSG-26392]
Action.c(118): web_add_auto_header("Priority") started  	[MsgId: MMSG-26355]
Action.c(118): web_add_auto_header("Priority") was successful  	[MsgId: MMSG-26392]
Action.c(122): web_submit_data("login.pl") started  	[MsgId: MMSG-26355]
Action.c(122): Error -26366: "Text=User password was correct" not found for web_reg_find  	[MsgId: MERR-26366]
End auto log messages stack.	[MsgId: MMSG-10544]


Start auto log messages stack - Iteration 14.	[MsgId: MMSG-10545]
Action.c(113): web_remove_auto_header("Upgrade-Insecure-Requests") started  	[MsgId: MMSG-26355]
Action.c(113): Previous automatically added web header for "Upgrade-Insecure-Requests" removed  	[MsgId: MMSG-26587]
Action.c(113): web_remove/revert_auto_header("Upgrade-Insecure-Requests") was successful  	[MsgId: MMSG-26392]
Action.c(115): web_add_header("Origin") started  	[MsgId: MMSG-26355]
Action.c(115): web_add_header("Origin") was successful  	[MsgId: MMSG-26392]
Action.c(118): web_add_auto_header("Priority") started  	[MsgId: MMSG-26355]
Action.c(118): web_add_auto_header("Priority") was successful  	[MsgId: MMSG-26392]
Action.c(122): web_submit_data("login.pl") started  	[MsgId: MMSG-26355]
Action.c(122): Error -26366: "Text=User password was correct" not found for web_reg_find  	[MsgId: MERR-26366]
End auto log messages stack.	[MsgId: MMSG-10544]


