Start auto log messages stack - Iteration 3.	[MsgId: MMSG-10545]
Action.c(362): web_concurrent_end was successful, 1421 body bytes, 597 header bytes  	[MsgId: MMSG-26386]
Action.c(364): web_add_header("Origin") started  	[MsgId: MMSG-26355]
Action.c(364): web_add_header("Origin") was successful  	[MsgId: MMSG-26392]
Action.c(395): Message id [-17999] was not saved - Auto Log cache is too small to contain the message.	[MsgId: MMSG-10547]
Action.c(397): web_custom_request("itinerary.pl_2") started  	[MsgId: MMSG-26355]
Action.c(397): web_custom_request("itinerary.pl_2") was successful, 932 body bytes, 255 header bytes, 12 chunking overhead bytes  	[MsgId: MMSG-26385]
Action.c(408): web_reg_find started  	[MsgId: MMSG-26355]
Action.c(408): Registering web_reg_find was successful  	[MsgId: MMSG-26390]
Action.c(412): web_custom_request("itinerary.pl") started  	[MsgId: MMSG-26355]
Action.c(412): Error -26368: "Text=242362616-819-ET" found for web_reg_find (count=1)  	[MsgId: MERR-26368]
End auto log messages stack.	[MsgId: MMSG-10544]


Start auto log messages stack - Iteration 8.	[MsgId: MMSG-10545]
Action.c(362): web_concurrent_end was successful, 1421 body bytes, 597 header bytes  	[MsgId: MMSG-26386]
Action.c(364): web_add_header("Origin") started  	[MsgId: MMSG-26355]
Action.c(364): web_add_header("Origin") was successful  	[MsgId: MMSG-26392]
Action.c(395): Message id [-17999] was not saved - Auto Log cache is too small to contain the message.	[MsgId: MMSG-10547]
Action.c(397): web_custom_request("itinerary.pl_2") started  	[MsgId: MMSG-26355]
Action.c(397): web_custom_request("itinerary.pl_2") was successful, 932 body bytes, 255 header bytes, 12 chunking overhead bytes  	[MsgId: MMSG-26385]
Action.c(408): web_reg_find started  	[MsgId: MMSG-26355]
Action.c(408): Registering web_reg_find was successful  	[MsgId: MMSG-26390]
Action.c(412): web_custom_request("itinerary.pl") started  	[MsgId: MMSG-26355]
Action.c(412): Error -26368: "Text=292258172-819-NB" found for web_reg_find (count=1)  	[MsgId: MERR-26368]
End auto log messages stack.	[MsgId: MMSG-10544]


Start auto log messages stack - Iteration 8.	[MsgId: MMSG-10545]
Action.c(362): web_concurrent_end was successful, 1421 body bytes, 597 header bytes  	[MsgId: MMSG-26386]
Action.c(364): web_add_header("Origin") started  	[MsgId: MMSG-26355]
Action.c(364): web_add_header("Origin") was successful  	[MsgId: MMSG-26392]
Action.c(395): Message id [-17999] was not saved - Auto Log cache is too small to contain the message.	[MsgId: MMSG-10547]
Action.c(397): web_custom_request("itinerary.pl_2") started  	[MsgId: MMSG-26355]
Action.c(397): web_custom_request("itinerary.pl_2") was successful, 932 body bytes, 255 header bytes, 12 chunking overhead bytes  	[MsgId: MMSG-26385]
Action.c(408): web_reg_find started  	[MsgId: MMSG-26355]
Action.c(408): Registering web_reg_find was successful  	[MsgId: MMSG-26390]
Action.c(412): web_custom_request("itinerary.pl") started  	[MsgId: MMSG-26355]
Action.c(412): Error -26368: "Text=292258172-819-NB" found for web_reg_find (count=1)  	[MsgId: MERR-26368]
End auto log messages stack.	[MsgId: MMSG-10544]


Start auto log messages stack - Iteration 9.	[MsgId: MMSG-10545]
Action.c(362): web_concurrent_end was successful, 1421 body bytes, 597 header bytes  	[MsgId: MMSG-26386]
Action.c(364): web_add_header("Origin") started  	[MsgId: MMSG-26355]
Action.c(364): web_add_header("Origin") was successful  	[MsgId: MMSG-26392]
Action.c(395): Message id [-17999] was not saved - Auto Log cache is too small to contain the message.	[MsgId: MMSG-10547]
Action.c(397): web_custom_request("itinerary.pl_2") started  	[MsgId: MMSG-26355]
Action.c(397): web_custom_request("itinerary.pl_2") was successful, 239690 body bytes, 255 header bytes, 459 chunking overhead bytes  	[MsgId: MMSG-26385]
Action.c(408): web_reg_find started  	[MsgId: MMSG-26355]
Action.c(408): Registering web_reg_find was successful  	[MsgId: MMSG-26390]
Action.c(412): web_custom_request("itinerary.pl") started  	[MsgId: MMSG-26355]
Action.c(412): Error -26368: "Text=329685195-790-ER" found for web_reg_find (count=1)  	[MsgId: MERR-26368]
End auto log messages stack.	[MsgId: MMSG-10544]


Start auto log messages stack - Iteration 13.	[MsgId: MMSG-10545]
Action.c(362): web_concurrent_end was successful, 1421 body bytes, 597 header bytes  	[MsgId: MMSG-26386]
Action.c(364): web_add_header("Origin") started  	[MsgId: MMSG-26355]
Action.c(364): web_add_header("Origin") was successful  	[MsgId: MMSG-26392]
Action.c(395): Message id [-17999] was not saved - Auto Log cache is too small to contain the message.	[MsgId: MMSG-10547]
Action.c(397): web_custom_request("itinerary.pl_2") started  	[MsgId: MMSG-26355]
Action.c(397): web_custom_request("itinerary.pl_2") was successful, 932 body bytes, 255 header bytes, 12 chunking overhead bytes  	[MsgId: MMSG-26385]
Action.c(408): web_reg_find started  	[MsgId: MMSG-26355]
Action.c(408): Registering web_reg_find was successful  	[MsgId: MMSG-26390]
Action.c(412): web_custom_request("itinerary.pl") started  	[MsgId: MMSG-26355]
Action.c(412): Error -26368: "Text=210305192-784-RO" found for web_reg_find (count=1)  	[MsgId: MERR-26368]
End auto log messages stack.	[MsgId: MMSG-10544]


Start auto log messages stack - Iteration 19.	[MsgId: MMSG-10545]
Action.c(362): web_concurrent_end was successful, 1421 body bytes, 597 header bytes  	[MsgId: MMSG-26386]
Action.c(364): web_add_header("Origin") started  	[MsgId: MMSG-26355]
Action.c(364): web_add_header("Origin") was successful  	[MsgId: MMSG-26392]
Action.c(395): Message id [-17999] was not saved - Auto Log cache is too small to contain the message.	[MsgId: MMSG-10547]
Action.c(397): web_custom_request("itinerary.pl_2") started  	[MsgId: MMSG-26355]
Action.c(397): web_custom_request("itinerary.pl_2") was successful, 932 body bytes, 255 header bytes, 12 chunking overhead bytes  	[MsgId: MMSG-26385]
Action.c(408): web_reg_find started  	[MsgId: MMSG-26355]
Action.c(408): Registering web_reg_find was successful  	[MsgId: MMSG-26390]
Action.c(412): web_custom_request("itinerary.pl") started  	[MsgId: MMSG-26355]
Action.c(412): Error -26368: "Text=292222-7-NB" found for web_reg_find (count=1)  	[MsgId: MERR-26368]
End auto log messages stack.	[MsgId: MMSG-10544]


Start auto log messages stack - Iteration 21.	[MsgId: MMSG-10545]
Action.c(362): web_concurrent_end was successful, 1421 body bytes, 597 header bytes  	[MsgId: MMSG-26386]
Action.c(364): web_add_header("Origin") started  	[MsgId: MMSG-26355]
Action.c(364): web_add_header("Origin") was successful  	[MsgId: MMSG-26392]
Action.c(395): Message id [-17999] was not saved - Auto Log cache is too small to contain the message.	[MsgId: MMSG-10547]
Action.c(397): web_custom_request("itinerary.pl_2") started  	[MsgId: MMSG-26355]
Action.c(397): web_custom_request("itinerary.pl_2") was successful, 932 body bytes, 255 header bytes, 12 chunking overhead bytes  	[MsgId: MMSG-26385]
Action.c(408): web_reg_find started  	[MsgId: MMSG-26355]
Action.c(408): Registering web_reg_find was successful  	[MsgId: MMSG-26390]
Action.c(412): web_custom_request("itinerary.pl") started  	[MsgId: MMSG-26355]
Action.c(412): Error -26368: "Text=86880006-781-JC" found for web_reg_find (count=1)  	[MsgId: MERR-26368]
End auto log messages stack.	[MsgId: MMSG-10544]


Start auto log messages stack - Iteration 22.	[MsgId: MMSG-10545]
Action.c(362): web_concurrent_end was successful, 1421 body bytes, 597 header bytes  	[MsgId: MMSG-26386]
Action.c(364): web_add_header("Origin") started  	[MsgId: MMSG-26355]
Action.c(364): web_add_header("Origin") was successful  	[MsgId: MMSG-26392]
Action.c(395): Message id [-17999] was not saved - Auto Log cache is too small to contain the message.	[MsgId: MMSG-10547]
Action.c(397): web_custom_request("itinerary.pl_2") started  	[MsgId: MMSG-26355]
Action.c(397): web_custom_request("itinerary.pl_2") was successful, 932 body bytes, 255 header bytes, 12 chunking overhead bytes  	[MsgId: MMSG-26385]
Action.c(408): web_reg_find started  	[MsgId: MMSG-26355]
Action.c(408): Registering web_reg_find was successful  	[MsgId: MMSG-26390]
Action.c(412): web_custom_request("itinerary.pl") started  	[MsgId: MMSG-26355]
Action.c(412): Error -26368: "Text=24234827-796-ET" found for web_reg_find (count=1)  	[MsgId: MERR-26368]
End auto log messages stack.	[MsgId: MMSG-10544]


Start auto log messages stack - Iteration 23.	[MsgId: MMSG-10545]
Action.c(362): web_concurrent_end was successful, 1421 body bytes, 597 header bytes  	[MsgId: MMSG-26386]
Action.c(364): web_add_header("Origin") started  	[MsgId: MMSG-26355]
Action.c(364): web_add_header("Origin") was successful  	[MsgId: MMSG-26392]
Action.c(395): Message id [-17999] was not saved - Auto Log cache is too small to contain the message.	[MsgId: MMSG-10547]
Action.c(397): web_custom_request("itinerary.pl_2") started  	[MsgId: MMSG-26355]
Action.c(397): web_custom_request("itinerary.pl_2") was successful, 932 body bytes, 255 header bytes, 12 chunking overhead bytes  	[MsgId: MMSG-26385]
Action.c(408): web_reg_find started  	[MsgId: MMSG-26355]
Action.c(408): Registering web_reg_find was successful  	[MsgId: MMSG-26390]
Action.c(412): web_custom_request("itinerary.pl") started  	[MsgId: MMSG-26355]
Action.c(412): Error -26368: "Text=210303343-791-RO" found for web_reg_find (count=1)  	[MsgId: MERR-26368]
End auto log messages stack.	[MsgId: MMSG-10544]


Start auto log messages stack - Iteration 36.	[MsgId: MMSG-10545]
Action.c(362): web_concurrent_end was successful, 1421 body bytes, 597 header bytes  	[MsgId: MMSG-26386]
Action.c(364): web_add_header("Origin") started  	[MsgId: MMSG-26355]
Action.c(364): web_add_header("Origin") was successful  	[MsgId: MMSG-26392]
Action.c(395): Message id [-17999] was not saved - Auto Log cache is too small to contain the message.	[MsgId: MMSG-10547]
Action.c(397): web_custom_request("itinerary.pl_2") started  	[MsgId: MMSG-26355]
Action.c(397): web_custom_request("itinerary.pl_2") was successful, 274215 body bytes, 255 header bytes, 523 chunking overhead bytes  	[MsgId: MMSG-26385]
Action.c(408): web_reg_find started  	[MsgId: MMSG-26355]
Action.c(408): Registering web_reg_find was successful  	[MsgId: MMSG-26390]
Action.c(412): web_custom_request("itinerary.pl") started  	[MsgId: MMSG-26355]
Action.c(412): Error -26368: "Text=251480026-823-RF" found for web_reg_find (count=1)  	[MsgId: MERR-26368]
End auto log messages stack.	[MsgId: MMSG-10544]


Start auto log messages stack - Iteration 38.	[MsgId: MMSG-10545]
Action.c(362): web_concurrent_end was successful, 1421 body bytes, 597 header bytes  	[MsgId: MMSG-26386]
Action.c(364): web_add_header("Origin") started  	[MsgId: MMSG-26355]
Action.c(364): web_add_header("Origin") was successful  	[MsgId: MMSG-26392]
Action.c(395): Message id [-17999] was not saved - Auto Log cache is too small to contain the message.	[MsgId: MMSG-10547]
Action.c(397): web_custom_request("itinerary.pl_2") started  	[MsgId: MMSG-26355]
Action.c(397): web_custom_request("itinerary.pl_2") was successful, 932 body bytes, 255 header bytes, 12 chunking overhead bytes  	[MsgId: MMSG-26385]
Action.c(408): web_reg_find started  	[MsgId: MMSG-26355]
Action.c(408): Registering web_reg_find was successful  	[MsgId: MMSG-26390]
Action.c(412): web_custom_request("itinerary.pl") started  	[MsgId: MMSG-26355]
Action.c(412): Error -26368: "Text=32967425-807-ER" found for web_reg_find (count=1)  	[MsgId: MERR-26368]
End auto log messages stack.	[MsgId: MMSG-10544]


Start auto log messages stack - Iteration 40.	[MsgId: MMSG-10545]
Action.c(362): web_concurrent_end was successful, 1421 body bytes, 597 header bytes  	[MsgId: MMSG-26386]
Action.c(364): web_add_header("Origin") started  	[MsgId: MMSG-26355]
Action.c(364): web_add_header("Origin") was successful  	[MsgId: MMSG-26392]
Action.c(395): Message id [-17999] was not saved - Auto Log cache is too small to contain the message.	[MsgId: MMSG-10547]
Action.c(397): web_custom_request("itinerary.pl_2") started  	[MsgId: MMSG-26355]
Action.c(397): web_custom_request("itinerary.pl_2") was successful, 932 body bytes, 255 header bytes, 12 chunking overhead bytes  	[MsgId: MMSG-26385]
Action.c(408): web_reg_find started  	[MsgId: MMSG-26355]
Action.c(408): Registering web_reg_find was successful  	[MsgId: MMSG-26390]
Action.c(412): web_custom_request("itinerary.pl") started  	[MsgId: MMSG-26355]
Action.c(412): Error -26368: "Text=242364844-831-ET" found for web_reg_find (count=1)  	[MsgId: MERR-26368]
End auto log messages stack.	[MsgId: MMSG-10544]


Start auto log messages stack - Iteration 49.	[MsgId: MMSG-10545]
Action.c(362): web_concurrent_end was successful, 1421 body bytes, 597 header bytes  	[MsgId: MMSG-26386]
Action.c(364): web_add_header("Origin") started  	[MsgId: MMSG-26355]
Action.c(364): web_add_header("Origin") was successful  	[MsgId: MMSG-26392]
Action.c(395): Message id [-17999] was not saved - Auto Log cache is too small to contain the message.	[MsgId: MMSG-10547]
Action.c(397): web_custom_request("itinerary.pl_2") started  	[MsgId: MMSG-26355]
Action.c(397): web_custom_request("itinerary.pl_2") was successful, 932 body bytes, 255 header bytes, 12 chunking overhead bytes  	[MsgId: MMSG-26385]
Action.c(408): web_reg_find started  	[MsgId: MMSG-26355]
Action.c(408): Registering web_reg_find was successful  	[MsgId: MMSG-26390]
Action.c(412): web_custom_request("itinerary.pl") started  	[MsgId: MMSG-26355]
Action.c(412): Error -26368: "Text=4572705-81-EF" found for web_reg_find (count=1)  	[MsgId: MERR-26368]
End auto log messages stack.	[MsgId: MMSG-10544]


Start auto log messages stack - Iteration 51.	[MsgId: MMSG-10545]
Action.c(362): web_concurrent_end was successful, 1421 body bytes, 597 header bytes  	[MsgId: MMSG-26386]
Action.c(364): web_add_header("Origin") started  	[MsgId: MMSG-26355]
Action.c(364): web_add_header("Origin") was successful  	[MsgId: MMSG-26392]
Action.c(395): Message id [-17999] was not saved - Auto Log cache is too small to contain the message.	[MsgId: MMSG-10547]
Action.c(397): web_custom_request("itinerary.pl_2") started  	[MsgId: MMSG-26355]
Action.c(397): web_custom_request("itinerary.pl_2") was successful, 280227 body bytes, 255 header bytes, 539 chunking overhead bytes  	[MsgId: MMSG-26385]
Action.c(408): web_reg_find started  	[MsgId: MMSG-26355]
Action.c(408): Registering web_reg_find was successful  	[MsgId: MMSG-26390]
Action.c(412): web_custom_request("itinerary.pl") started  	[MsgId: MMSG-26355]
Action.c(412): Error -26368: "Text=457103788-7868-EF" found for web_reg_find (count=1)  	[MsgId: MERR-26368]
End auto log messages stack.	[MsgId: MMSG-10544]


Start auto log messages stack - Iteration 55.	[MsgId: MMSG-10545]
Action.c(362): web_concurrent_end was successful, 1421 body bytes, 597 header bytes  	[MsgId: MMSG-26386]
Action.c(364): web_add_header("Origin") started  	[MsgId: MMSG-26355]
Action.c(364): web_add_header("Origin") was successful  	[MsgId: MMSG-26392]
Action.c(395): Message id [-17999] was not saved - Auto Log cache is too small to contain the message.	[MsgId: MMSG-10547]
Action.c(397): web_custom_request("itinerary.pl_2") started  	[MsgId: MMSG-26355]
Action.c(397): web_custom_request("itinerary.pl_2") was successful, 932 body bytes, 255 header bytes, 12 chunking overhead bytes  	[MsgId: MMSG-26385]
Action.c(408): web_reg_find started  	[MsgId: MMSG-26355]
Action.c(408): Registering web_reg_find was successful  	[MsgId: MMSG-26390]
Action.c(412): web_custom_request("itinerary.pl") started  	[MsgId: MMSG-26355]
Action.c(412): Error -26368: "Text=210315933-784-RO" found for web_reg_find (count=1)  	[MsgId: MERR-26368]
End auto log messages stack.	[MsgId: MMSG-10544]


Start auto log messages stack - Iteration 64.	[MsgId: MMSG-10545]
Action.c(362): web_concurrent_end was successful, 1421 body bytes, 597 header bytes  	[MsgId: MMSG-26386]
Action.c(364): web_add_header("Origin") started  	[MsgId: MMSG-26355]
Action.c(364): web_add_header("Origin") was successful  	[MsgId: MMSG-26392]
Action.c(395): Message id [-17999] was not saved - Auto Log cache is too small to contain the message.	[MsgId: MMSG-10547]
Action.c(397): web_custom_request("itinerary.pl_2") started  	[MsgId: MMSG-26355]
Action.c(397): web_custom_request("itinerary.pl_2") was successful, 932 body bytes, 255 header bytes, 12 chunking overhead bytes  	[MsgId: MMSG-26385]
Action.c(408): web_reg_find started  	[MsgId: MMSG-26355]
Action.c(408): Registering web_reg_find was successful  	[MsgId: MMSG-26390]
Action.c(412): web_custom_request("itinerary.pl") started  	[MsgId: MMSG-26355]
Action.c(412): Error -26368: "Text=21030965-81-WH" found for web_reg_find (count=1)  	[MsgId: MERR-26368]
End auto log messages stack.	[MsgId: MMSG-10544]


Start auto log messages stack - Iteration 65.	[MsgId: MMSG-10545]
Action.c(362): web_concurrent_end was successful, 1421 body bytes, 597 header bytes  	[MsgId: MMSG-26386]
Action.c(364): web_add_header("Origin") started  	[MsgId: MMSG-26355]
Action.c(364): web_add_header("Origin") was successful  	[MsgId: MMSG-26392]
Action.c(395): Message id [-17999] was not saved - Auto Log cache is too small to contain the message.	[MsgId: MMSG-10547]
Action.c(397): web_custom_request("itinerary.pl_2") started  	[MsgId: MMSG-26355]
Action.c(397): web_custom_request("itinerary.pl_2") was successful, 932 body bytes, 255 header bytes, 12 chunking overhead bytes  	[MsgId: MMSG-26385]
Action.c(408): web_reg_find started  	[MsgId: MMSG-26355]
Action.c(408): Registering web_reg_find was successful  	[MsgId: MMSG-26390]
Action.c(412): web_custom_request("itinerary.pl") started  	[MsgId: MMSG-26355]
Action.c(412): Error -26368: "Text=292227800-815-NB" found for web_reg_find (count=1)  	[MsgId: MERR-26368]
End auto log messages stack.	[MsgId: MMSG-10544]


Start auto log messages stack - Iteration 67.	[MsgId: MMSG-10545]
Action.c(362): web_concurrent_end was successful, 1421 body bytes, 597 header bytes  	[MsgId: MMSG-26386]
Action.c(364): web_add_header("Origin") started  	[MsgId: MMSG-26355]
Action.c(364): web_add_header("Origin") was successful  	[MsgId: MMSG-26392]
Action.c(395): Message id [-17999] was not saved - Auto Log cache is too small to contain the message.	[MsgId: MMSG-10547]
Action.c(397): web_custom_request("itinerary.pl_2") started  	[MsgId: MMSG-26355]
Action.c(397): web_custom_request("itinerary.pl_2") was successful, 932 body bytes, 255 header bytes, 12 chunking overhead bytes  	[MsgId: MMSG-26385]
Action.c(408): web_reg_find started  	[MsgId: MMSG-26355]
Action.c(408): Registering web_reg_find was successful  	[MsgId: MMSG-26390]
Action.c(412): web_custom_request("itinerary.pl") started  	[MsgId: MMSG-26355]
Action.c(412): Error -26368: "Text=333787808-832-LM" found for web_reg_find (count=1)  	[MsgId: MERR-26368]
End auto log messages stack.	[MsgId: MMSG-10544]


Start auto log messages stack - Iteration 72.	[MsgId: MMSG-10545]
Action.c(362): web_concurrent_end was successful, 1421 body bytes, 597 header bytes  	[MsgId: MMSG-26386]
Action.c(364): web_add_header("Origin") started  	[MsgId: MMSG-26355]
Action.c(364): web_add_header("Origin") was successful  	[MsgId: MMSG-26392]
Action.c(395): Message id [-17999] was not saved - Auto Log cache is too small to contain the message.	[MsgId: MMSG-10547]
Action.c(397): web_custom_request("itinerary.pl_2") started  	[MsgId: MMSG-26355]
Action.c(397): web_custom_request("itinerary.pl_2") was successful, 932 body bytes, 255 header bytes, 12 chunking overhead bytes  	[MsgId: MMSG-26385]
Action.c(408): web_reg_find started  	[MsgId: MMSG-26355]
Action.c(408): Registering web_reg_find was successful  	[MsgId: MMSG-26390]
Action.c(412): web_custom_request("itinerary.pl") started  	[MsgId: MMSG-26355]
Action.c(412): Error -26368: "Text=210303340-784-RO" found for web_reg_find (count=1)  	[MsgId: MERR-26368]
End auto log messages stack.	[MsgId: MMSG-10544]


Start auto log messages stack - Iteration 73.	[MsgId: MMSG-10545]
Action.c(362): web_concurrent_end was successful, 1421 body bytes, 597 header bytes  	[MsgId: MMSG-26386]
Action.c(364): web_add_header("Origin") started  	[MsgId: MMSG-26355]
Action.c(364): web_add_header("Origin") was successful  	[MsgId: MMSG-26392]
Action.c(395): Message id [-17999] was not saved - Auto Log cache is too small to contain the message.	[MsgId: MMSG-10547]
Action.c(397): web_custom_request("itinerary.pl_2") started  	[MsgId: MMSG-26355]
Action.c(397): web_custom_request("itinerary.pl_2") was successful, 932 body bytes, 255 header bytes, 12 chunking overhead bytes  	[MsgId: MMSG-26385]
Action.c(408): web_reg_find started  	[MsgId: MMSG-26355]
Action.c(408): Registering web_reg_find was successful  	[MsgId: MMSG-26390]
Action.c(412): web_custom_request("itinerary.pl") started  	[MsgId: MMSG-26355]
Action.c(412): Error -26368: "Text=329681494-796-ER" found for web_reg_find (count=1)  	[MsgId: MERR-26368]
End auto log messages stack.	[MsgId: MMSG-10544]


