Start auto log messages stack - Iteration 3.	[MsgId: MMSG-10545]
Action.c(362): web_concurrent_end was successful, 1421 body bytes, 597 header bytes  	[MsgId: MMSG-26386]
Action.c(364): web_add_header("Origin") started  	[MsgId: MMSG-26355]
Action.c(364): web_add_header("Origin") was successful  	[MsgId: MMSG-26392]
Action.c(395): Message id [-17999] was not saved - Auto Log cache is too small to contain the message.	[MsgId: MMSG-10547]
Action.c(397): web_custom_request("itinerary.pl_2") started  	[MsgId: MMSG-26355]
Action.c(397): web_custom_request("itinerary.pl_2") was successful, 932 body bytes, 255 header bytes, 12 chunking overhead bytes  	[MsgId: MMSG-26385]
Action.c(408): web_reg_find started  	[MsgId: MMSG-26355]
Action.c(408): Registering web_reg_find was successful  	[MsgId: MMSG-26390]
Action.c(412): web_custom_request("itinerary.pl") started  	[MsgId: MMSG-26355]
Action.c(412): Error -26368: "Text=329694096-815-ER" found for web_reg_find (count=1)  	[MsgId: MERR-26368]
End auto log messages stack.	[MsgId: MMSG-10544]


Start auto log messages stack - Iteration 4.	[MsgId: MMSG-10545]
Action.c(362): web_concurrent_end was successful, 1421 body bytes, 597 header bytes  	[MsgId: MMSG-26386]
Action.c(364): web_add_header("Origin") started  	[MsgId: MMSG-26355]
Action.c(364): web_add_header("Origin") was successful  	[MsgId: MMSG-26392]
Action.c(395): Message id [-17999] was not saved - Auto Log cache is too small to contain the message.	[MsgId: MMSG-10547]
Action.c(397): web_custom_request("itinerary.pl_2") started  	[MsgId: MMSG-26355]
Action.c(397): web_custom_request("itinerary.pl_2") was successful, 932 body bytes, 255 header bytes, 12 chunking overhead bytes  	[MsgId: MMSG-26385]
Action.c(408): web_reg_find started  	[MsgId: MMSG-26355]
Action.c(408): Registering web_reg_find was successful  	[MsgId: MMSG-26390]
Action.c(412): web_custom_request("itinerary.pl") started  	[MsgId: MMSG-26355]
Action.c(412): Error -26368: "Text=210297060-818-WH" found for web_reg_find (count=1)  	[MsgId: MERR-26368]
End auto log messages stack.	[MsgId: MMSG-10544]


Start auto log messages stack - Iteration 11.	[MsgId: MMSG-10545]
Action.c(362): web_concurrent_end was successful, 1421 body bytes, 597 header bytes  	[MsgId: MMSG-26386]
Action.c(364): web_add_header("Origin") started  	[MsgId: MMSG-26355]
Action.c(364): web_add_header("Origin") was successful  	[MsgId: MMSG-26392]
Action.c(395): Message id [-17999] was not saved - Auto Log cache is too small to contain the message.	[MsgId: MMSG-10547]
Action.c(397): web_custom_request("itinerary.pl_2") started  	[MsgId: MMSG-26355]
Action.c(397): web_custom_request("itinerary.pl_2") was successful, 932 body bytes, 255 header bytes, 12 chunking overhead bytes  	[MsgId: MMSG-26385]
Action.c(408): web_reg_find started  	[MsgId: MMSG-26355]
Action.c(408): Registering web_reg_find was successful  	[MsgId: MMSG-26390]
Action.c(412): web_custom_request("itinerary.pl") started  	[MsgId: MMSG-26355]
Action.c(412): Error -26368: "Text=329671860-787-ER" found for web_reg_find (count=1)  	[MsgId: MERR-26368]
End auto log messages stack.	[MsgId: MMSG-10544]


Start auto log messages stack - Iteration 13.	[MsgId: MMSG-10545]
Action.c(362): web_concurrent_end was successful, 1421 body bytes, 597 header bytes  	[MsgId: MMSG-26386]
Action.c(364): web_add_header("Origin") started  	[MsgId: MMSG-26355]
Action.c(364): web_add_header("Origin") was successful  	[MsgId: MMSG-26392]
Action.c(395): Message id [-17999] was not saved - Auto Log cache is too small to contain the message.	[MsgId: MMSG-10547]
Action.c(397): web_custom_request("itinerary.pl_2") started  	[MsgId: MMSG-26355]
Action.c(397): web_custom_request("itinerary.pl_2") was successful, 932 body bytes, 255 header bytes, 12 chunking overhead bytes  	[MsgId: MMSG-26385]
Action.c(408): web_reg_find started  	[MsgId: MMSG-26355]
Action.c(408): Registering web_reg_find was successful  	[MsgId: MMSG-26390]
Action.c(412): web_custom_request("itinerary.pl") started  	[MsgId: MMSG-26355]
Action.c(412): Error -26368: "Text=210315207-815-RO" found for web_reg_find (count=1)  	[MsgId: MERR-26368]
End auto log messages stack.	[MsgId: MMSG-10544]


Start auto log messages stack - Iteration 20.	[MsgId: MMSG-10545]
Action.c(362): web_concurrent_end was successful, 1421 body bytes, 597 header bytes  	[MsgId: MMSG-26386]
Action.c(364): web_add_header("Origin") started  	[MsgId: MMSG-26355]
Action.c(364): web_add_header("Origin") was successful  	[MsgId: MMSG-26392]
Action.c(395): Message id [-17999] was not saved - Auto Log cache is too small to contain the message.	[MsgId: MMSG-10547]
Action.c(397): web_custom_request("itinerary.pl_2") started  	[MsgId: MMSG-26355]
Action.c(397): web_custom_request("itinerary.pl_2") was successful, 932 body bytes, 255 header bytes, 12 chunking overhead bytes  	[MsgId: MMSG-26385]
Action.c(408): web_reg_find started  	[MsgId: MMSG-26355]
Action.c(408): Registering web_reg_find was successful  	[MsgId: MMSG-26390]
Action.c(412): web_custom_request("itinerary.pl") started  	[MsgId: MMSG-26355]
Action.c(412): Error -26368: "Text=2514607-7-RF" found for web_reg_find (count=1)  	[MsgId: MERR-26368]
End auto log messages stack.	[MsgId: MMSG-10544]


Start auto log messages stack - Iteration 22.	[MsgId: MMSG-10545]
Action.c(362): web_concurrent_end was successful, 1421 body bytes, 597 header bytes  	[MsgId: MMSG-26386]
Action.c(364): web_add_header("Origin") started  	[MsgId: MMSG-26355]
Action.c(364): web_add_header("Origin") was successful  	[MsgId: MMSG-26392]
Action.c(395): Message id [-17999] was not saved - Auto Log cache is too small to contain the message.	[MsgId: MMSG-10547]
Action.c(397): web_custom_request("itinerary.pl_2") started  	[MsgId: MMSG-26355]
Action.c(397): web_custom_request("itinerary.pl_2") was successful, 932 body bytes, 255 header bytes, 12 chunking overhead bytes  	[MsgId: MMSG-26385]
Action.c(408): web_reg_find started  	[MsgId: MMSG-26355]
Action.c(408): Registering web_reg_find was successful  	[MsgId: MMSG-26390]
Action.c(412): web_custom_request("itinerary.pl") started  	[MsgId: MMSG-26355]
Action.c(412): Error -26368: "Text=457266707-7776-EF" found for web_reg_find (count=1)  	[MsgId: MERR-26368]
End auto log messages stack.	[MsgId: MMSG-10544]


Start auto log messages stack - Iteration 25.	[MsgId: MMSG-10545]
Action.c(362): web_concurrent_end was successful, 1421 body bytes, 597 header bytes  	[MsgId: MMSG-26386]
Action.c(364): web_add_header("Origin") started  	[MsgId: MMSG-26355]
Action.c(364): web_add_header("Origin") was successful  	[MsgId: MMSG-26392]
Action.c(395): Message id [-17999] was not saved - Auto Log cache is too small to contain the message.	[MsgId: MMSG-10547]
Action.c(397): web_custom_request("itinerary.pl_2") started  	[MsgId: MMSG-26355]
Action.c(397): web_custom_request("itinerary.pl_2") was successful, 230078 body bytes, 255 header bytes, 443 chunking overhead bytes  	[MsgId: MMSG-26385]
Action.c(408): web_reg_find started  	[MsgId: MMSG-26355]
Action.c(408): Registering web_reg_find was successful  	[MsgId: MMSG-26390]
Action.c(412): web_custom_request("itinerary.pl") started  	[MsgId: MMSG-26355]
Action.c(412): Error -26368: "Text=2514607-7-RF" found for web_reg_find (count=1)  	[MsgId: MERR-26368]
End auto log messages stack.	[MsgId: MMSG-10544]


Start auto log messages stack - Iteration 28.	[MsgId: MMSG-10545]
Action.c(362): web_concurrent_end was successful, 1421 body bytes, 597 header bytes  	[MsgId: MMSG-26386]
Action.c(364): web_add_header("Origin") started  	[MsgId: MMSG-26355]
Action.c(364): web_add_header("Origin") was successful  	[MsgId: MMSG-26392]
Action.c(395): Message id [-17999] was not saved - Auto Log cache is too small to contain the message.	[MsgId: MMSG-10547]
Action.c(397): web_custom_request("itinerary.pl_2") started  	[MsgId: MMSG-26355]
Action.c(397): web_custom_request("itinerary.pl_2") was successful, 932 body bytes, 255 header bytes, 12 chunking overhead bytes  	[MsgId: MMSG-26385]
Action.c(408): web_reg_find started  	[MsgId: MMSG-26355]
Action.c(408): Registering web_reg_find was successful  	[MsgId: MMSG-26390]
Action.c(412): web_custom_request("itinerary.pl") started  	[MsgId: MMSG-26355]
Action.c(412): Error -26368: "Text=251446311-799-RF" found for web_reg_find (count=1)  	[MsgId: MERR-26368]
End auto log messages stack.	[MsgId: MMSG-10544]


Start auto log messages stack - Iteration 30.	[MsgId: MMSG-10545]
Action.c(362): web_concurrent_end was successful, 1421 body bytes, 597 header bytes  	[MsgId: MMSG-26386]
Action.c(364): web_add_header("Origin") started  	[MsgId: MMSG-26355]
Action.c(364): web_add_header("Origin") was successful  	[MsgId: MMSG-26392]
Action.c(395): Message id [-17999] was not saved - Auto Log cache is too small to contain the message.	[MsgId: MMSG-10547]
Action.c(397): web_custom_request("itinerary.pl_2") started  	[MsgId: MMSG-26355]
Action.c(397): web_custom_request("itinerary.pl_2") was successful, 932 body bytes, 255 header bytes, 12 chunking overhead bytes  	[MsgId: MMSG-26385]
Action.c(408): web_reg_find started  	[MsgId: MMSG-26355]
Action.c(408): Registering web_reg_find was successful  	[MsgId: MMSG-26390]
Action.c(412): web_custom_request("itinerary.pl") started  	[MsgId: MMSG-26355]
Action.c(412): Error -26368: "Text=333807053-803-LM" found for web_reg_find (count=1)  	[MsgId: MERR-26368]
End auto log messages stack.	[MsgId: MMSG-10544]


Start auto log messages stack - Iteration 37.	[MsgId: MMSG-10545]
Action.c(362): web_concurrent_end was successful, 1421 body bytes, 597 header bytes  	[MsgId: MMSG-26386]
Action.c(364): web_add_header("Origin") started  	[MsgId: MMSG-26355]
Action.c(364): web_add_header("Origin") was successful  	[MsgId: MMSG-26392]
Action.c(395): Message id [-17999] was not saved - Auto Log cache is too small to contain the message.	[MsgId: MMSG-10547]
Action.c(397): web_custom_request("itinerary.pl_2") started  	[MsgId: MMSG-26355]
Action.c(397): web_custom_request("itinerary.pl_2") was successful, 225053 body bytes, 255 header bytes, 435 chunking overhead bytes  	[MsgId: MMSG-26385]
Action.c(408): web_reg_find started  	[MsgId: MMSG-26355]
Action.c(408): Registering web_reg_find was successful  	[MsgId: MMSG-26390]
Action.c(412): web_custom_request("itinerary.pl") started  	[MsgId: MMSG-26355]
Action.c(412): Error -26368: "Text=45732622-830-EF" found for web_reg_find (count=1)  	[MsgId: MERR-26368]
End auto log messages stack.	[MsgId: MMSG-10544]


Start auto log messages stack - Iteration 38.	[MsgId: MMSG-10545]
Action.c(362): web_concurrent_end was successful, 1421 body bytes, 597 header bytes  	[MsgId: MMSG-26386]
Action.c(364): web_add_header("Origin") started  	[MsgId: MMSG-26355]
Action.c(364): web_add_header("Origin") was successful  	[MsgId: MMSG-26392]
Action.c(395): Message id [-17999] was not saved - Auto Log cache is too small to contain the message.	[MsgId: MMSG-10547]
Action.c(397): web_custom_request("itinerary.pl_2") started  	[MsgId: MMSG-26355]
Action.c(397): web_custom_request("itinerary.pl_2") was successful, 932 body bytes, 255 header bytes, 12 chunking overhead bytes  	[MsgId: MMSG-26385]
Action.c(408): web_reg_find started  	[MsgId: MMSG-26355]
Action.c(408): Registering web_reg_find was successful  	[MsgId: MMSG-26390]
Action.c(412): web_custom_request("itinerary.pl") started  	[MsgId: MMSG-26355]
Action.c(412): Error -26368: "Text=251471487-782-RF" found for web_reg_find (count=1)  	[MsgId: MERR-26368]
End auto log messages stack.	[MsgId: MMSG-10544]


Start auto log messages stack - Iteration 40.	[MsgId: MMSG-10545]
Action.c(362): web_concurrent_end was successful, 1421 body bytes, 597 header bytes  	[MsgId: MMSG-26386]
Action.c(364): web_add_header("Origin") started  	[MsgId: MMSG-26355]
Action.c(364): web_add_header("Origin") was successful  	[MsgId: MMSG-26392]
Action.c(395): Message id [-17999] was not saved - Auto Log cache is too small to contain the message.	[MsgId: MMSG-10547]
Action.c(397): web_custom_request("itinerary.pl_2") started  	[MsgId: MMSG-26355]
Action.c(397): web_custom_request("itinerary.pl_2") was successful, 932 body bytes, 255 header bytes, 12 chunking overhead bytes  	[MsgId: MMSG-26385]
Action.c(408): web_reg_find started  	[MsgId: MMSG-26355]
Action.c(408): Registering web_reg_find was successful  	[MsgId: MMSG-26390]
Action.c(412): web_custom_request("itinerary.pl") started  	[MsgId: MMSG-26355]
Action.c(412): Error -26368: "Text=86885932-783-JC" found for web_reg_find (count=1)  	[MsgId: MERR-26368]
End auto log messages stack.	[MsgId: MMSG-10544]


Start auto log messages stack - Iteration 45.	[MsgId: MMSG-10545]
Action.c(362): web_concurrent_end was successful, 1421 body bytes, 597 header bytes  	[MsgId: MMSG-26386]
Action.c(364): web_add_header("Origin") started  	[MsgId: MMSG-26355]
Action.c(364): web_add_header("Origin") was successful  	[MsgId: MMSG-26392]
Action.c(395): Message id [-17999] was not saved - Auto Log cache is too small to contain the message.	[MsgId: MMSG-10547]
Action.c(397): web_custom_request("itinerary.pl_2") started  	[MsgId: MMSG-26355]
Action.c(397): web_custom_request("itinerary.pl_2") was successful, 932 body bytes, 255 header bytes, 12 chunking overhead bytes  	[MsgId: MMSG-26385]
Action.c(408): web_reg_find started  	[MsgId: MMSG-26355]
Action.c(408): Registering web_reg_find was successful  	[MsgId: MMSG-26390]
Action.c(412): web_custom_request("itinerary.pl") started  	[MsgId: MMSG-26355]
Action.c(412): Error -26368: "Text=2103263047-7868-RO" found for web_reg_find (count=1)  	[MsgId: MERR-26368]
End auto log messages stack.	[MsgId: MMSG-10544]


Start auto log messages stack - Iteration 47.	[MsgId: MMSG-10545]
Action.c(362): web_concurrent_end was successful, 1421 body bytes, 597 header bytes  	[MsgId: MMSG-26386]
Action.c(364): web_add_header("Origin") started  	[MsgId: MMSG-26355]
Action.c(364): web_add_header("Origin") was successful  	[MsgId: MMSG-26392]
Action.c(395): Message id [-17999] was not saved - Auto Log cache is too small to contain the message.	[MsgId: MMSG-10547]
Action.c(397): web_custom_request("itinerary.pl_2") started  	[MsgId: MMSG-26355]
Action.c(397): web_custom_request("itinerary.pl_2") was successful, 932 body bytes, 255 header bytes, 12 chunking overhead bytes  	[MsgId: MMSG-26385]
Action.c(408): web_reg_find started  	[MsgId: MMSG-26355]
Action.c(408): Registering web_reg_find was successful  	[MsgId: MMSG-26390]
Action.c(412): web_custom_request("itinerary.pl") started  	[MsgId: MMSG-26355]
Action.c(412): Error -26368: "Text=333811492-791-LM" found for web_reg_find (count=1)  	[MsgId: MERR-26368]
End auto log messages stack.	[MsgId: MMSG-10544]


Start auto log messages stack - Iteration 55.	[MsgId: MMSG-10545]
Action.c(362): web_concurrent_end was successful, 1421 body bytes, 597 header bytes  	[MsgId: MMSG-26386]
Action.c(364): web_add_header("Origin") started  	[MsgId: MMSG-26355]
Action.c(364): web_add_header("Origin") was successful  	[MsgId: MMSG-26392]
Action.c(395): Message id [-17999] was not saved - Auto Log cache is too small to contain the message.	[MsgId: MMSG-10547]
Action.c(397): web_custom_request("itinerary.pl_2") started  	[MsgId: MMSG-26355]
Action.c(397): web_custom_request("itinerary.pl_2") was successful, 932 body bytes, 255 header bytes, 12 chunking overhead bytes  	[MsgId: MMSG-26385]
Action.c(408): web_reg_find started  	[MsgId: MMSG-26355]
Action.c(408): Registering web_reg_find was successful  	[MsgId: MMSG-26390]
Action.c(412): web_custom_request("itinerary.pl") started  	[MsgId: MMSG-26355]
Action.c(412): Error -26368: "Text=8687418-791-JC" found for web_reg_find (count=1)  	[MsgId: MERR-26368]
End auto log messages stack.	[MsgId: MMSG-10544]


Start auto log messages stack - Iteration 56.	[MsgId: MMSG-10545]
Action.c(362): web_concurrent_end was successful, 1421 body bytes, 597 header bytes  	[MsgId: MMSG-26386]
Action.c(364): web_add_header("Origin") started  	[MsgId: MMSG-26355]
Action.c(364): web_add_header("Origin") was successful  	[MsgId: MMSG-26392]
Action.c(395): Message id [-17999] was not saved - Auto Log cache is too small to contain the message.	[MsgId: MMSG-10547]
Action.c(397): web_custom_request("itinerary.pl_2") started  	[MsgId: MMSG-26355]
Action.c(397): web_custom_request("itinerary.pl_2") was successful, 932 body bytes, 255 header bytes, 12 chunking overhead bytes  	[MsgId: MMSG-26385]
Action.c(408): web_reg_find started  	[MsgId: MMSG-26355]
Action.c(408): Registering web_reg_find was successful  	[MsgId: MMSG-26390]
Action.c(412): web_custom_request("itinerary.pl") started  	[MsgId: MMSG-26355]
Action.c(412): Error -26368: "Text=1600700057-7812-LS" found for web_reg_find (count=1)  	[MsgId: MERR-26368]
End auto log messages stack.	[MsgId: MMSG-10544]


Start auto log messages stack - Iteration 63.	[MsgId: MMSG-10545]
Action.c(362): web_concurrent_end was successful, 1421 body bytes, 597 header bytes  	[MsgId: MMSG-26386]
Action.c(364): web_add_header("Origin") started  	[MsgId: MMSG-26355]
Action.c(364): web_add_header("Origin") was successful  	[MsgId: MMSG-26392]
Action.c(395): Message id [-17999] was not saved - Auto Log cache is too small to contain the message.	[MsgId: MMSG-10547]
Action.c(397): web_custom_request("itinerary.pl_2") started  	[MsgId: MMSG-26355]
Action.c(397): web_custom_request("itinerary.pl_2") was successful, 932 body bytes, 255 header bytes, 12 chunking overhead bytes  	[MsgId: MMSG-26385]
Action.c(408): web_reg_find started  	[MsgId: MMSG-26355]
Action.c(408): Registering web_reg_find was successful  	[MsgId: MMSG-26390]
Action.c(412): web_custom_request("itinerary.pl") started  	[MsgId: MMSG-26355]
Action.c(412): Error -26368: "Text=2103048201-7803-RO" found for web_reg_find (count=1)  	[MsgId: MERR-26368]
End auto log messages stack.	[MsgId: MMSG-10544]


Start auto log messages stack - Iteration 64.	[MsgId: MMSG-10545]
Action.c(362): web_concurrent_end was successful, 1421 body bytes, 597 header bytes  	[MsgId: MMSG-26386]
Action.c(364): web_add_header("Origin") started  	[MsgId: MMSG-26355]
Action.c(364): web_add_header("Origin") was successful  	[MsgId: MMSG-26392]
Action.c(395): Message id [-17999] was not saved - Auto Log cache is too small to contain the message.	[MsgId: MMSG-10547]
Action.c(397): web_custom_request("itinerary.pl_2") started  	[MsgId: MMSG-26355]
Action.c(397): web_custom_request("itinerary.pl_2") was successful, 932 body bytes, 255 header bytes, 12 chunking overhead bytes  	[MsgId: MMSG-26385]
Action.c(408): web_reg_find started  	[MsgId: MMSG-26355]
Action.c(408): Registering web_reg_find was successful  	[MsgId: MMSG-26390]
Action.c(412): web_custom_request("itinerary.pl") started  	[MsgId: MMSG-26355]
Action.c(412): Error -26368: "Text=329668537-808-ER" found for web_reg_find (count=1)  	[MsgId: MERR-26368]
End auto log messages stack.	[MsgId: MMSG-10544]


Start auto log messages stack - Iteration 73.	[MsgId: MMSG-10545]
Action.c(362): web_concurrent_end was successful, 1421 body bytes, 597 header bytes  	[MsgId: MMSG-26386]
Action.c(364): web_add_header("Origin") started  	[MsgId: MMSG-26355]
Action.c(364): web_add_header("Origin") was successful  	[MsgId: MMSG-26392]
Action.c(395): Message id [-17999] was not saved - Auto Log cache is too small to contain the message.	[MsgId: MMSG-10547]
Action.c(397): web_custom_request("itinerary.pl_2") started  	[MsgId: MMSG-26355]
Action.c(397): web_custom_request("itinerary.pl_2") was successful, 232703 body bytes, 255 header bytes, 451 chunking overhead bytes  	[MsgId: MMSG-26385]
Action.c(408): web_reg_find started  	[MsgId: MMSG-26355]
Action.c(408): Registering web_reg_find was successful  	[MsgId: MMSG-26390]
Action.c(412): web_custom_request("itinerary.pl") started  	[MsgId: MMSG-26355]
Action.c(412): Error -26368: "Text=329700753-796-ER" found for web_reg_find (count=1)  	[MsgId: MERR-26368]
End auto log messages stack.	[MsgId: MMSG-10544]


Start auto log messages stack - Iteration 74.	[MsgId: MMSG-10545]
Action.c(362): web_concurrent_end was successful, 1421 body bytes, 597 header bytes  	[MsgId: MMSG-26386]
Action.c(364): web_add_header("Origin") started  	[MsgId: MMSG-26355]
Action.c(364): web_add_header("Origin") was successful  	[MsgId: MMSG-26392]
Action.c(395): Message id [-17999] was not saved - Auto Log cache is too small to contain the message.	[MsgId: MMSG-10547]
Action.c(397): web_custom_request("itinerary.pl_2") started  	[MsgId: MMSG-26355]
Action.c(397): web_custom_request("itinerary.pl_2") was successful, 932 body bytes, 255 header bytes, 12 chunking overhead bytes  	[MsgId: MMSG-26385]
Action.c(408): web_reg_find started  	[MsgId: MMSG-26355]
Action.c(408): Registering web_reg_find was successful  	[MsgId: MMSG-26390]
Action.c(412): web_custom_request("itinerary.pl") started  	[MsgId: MMSG-26355]
Action.c(412): Error -26368: "Text=32967051-798-ER" found for web_reg_find (count=1)  	[MsgId: MERR-26368]
End auto log messages stack.	[MsgId: MMSG-10544]


