Start auto log messages stack - Iteration 4.	[MsgId: MMSG-10545]
Action.c(362): web_concurrent_end was successful, 1421 body bytes, 597 header bytes  	[MsgId: MMSG-26386]
Action.c(364): web_add_header("Origin") started  	[MsgId: MMSG-26355]
Action.c(364): web_add_header("Origin") was successful  	[MsgId: MMSG-26392]
Action.c(395): Message id [-17999] was not saved - Auto Log cache is too small to contain the message.	[MsgId: MMSG-10547]
Action.c(397): web_custom_request("itinerary.pl_2") started  	[MsgId: MMSG-26355]
Action.c(397): web_custom_request("itinerary.pl_2") was successful, 932 body bytes, 255 header bytes, 12 chunking overhead bytes  	[MsgId: MMSG-26385]
Action.c(408): web_reg_find started  	[MsgId: MMSG-26355]
Action.c(408): Registering web_reg_find was successful  	[MsgId: MMSG-26390]
Action.c(412): web_custom_request("itinerary.pl") started  	[MsgId: MMSG-26355]
Action.c(412): Error -26368: "Text=242334827-796-ET" found for web_reg_find (count=1)  	[MsgId: MERR-26368]
End auto log messages stack.	[MsgId: MMSG-10544]


Start auto log messages stack - Iteration 20.	[MsgId: MMSG-10545]
Action.c(362): web_concurrent_end was successful, 1421 body bytes, 597 header bytes  	[MsgId: MMSG-26386]
Action.c(364): web_add_header("Origin") started  	[MsgId: MMSG-26355]
Action.c(364): web_add_header("Origin") was successful  	[MsgId: MMSG-26392]
Action.c(395): Message id [-17999] was not saved - Auto Log cache is too small to contain the message.	[MsgId: MMSG-10547]
Action.c(397): web_custom_request("itinerary.pl_2") started  	[MsgId: MMSG-26355]
Action.c(397): web_custom_request("itinerary.pl_2") was successful, 932 body bytes, 255 header bytes, 12 chunking overhead bytes  	[MsgId: MMSG-26385]
Action.c(408): web_reg_find started  	[MsgId: MMSG-26355]
Action.c(408): Registering web_reg_find was successful  	[MsgId: MMSG-26390]
Action.c(412): web_custom_request("itinerary.pl") started  	[MsgId: MMSG-26355]
Action.c(412): Error -26368: "Text=2423659-7-ET" found for web_reg_find (count=1)  	[MsgId: MERR-26368]
End auto log messages stack.	[MsgId: MMSG-10544]


Start auto log messages stack - Iteration 21.	[MsgId: MMSG-10545]
Action.c(362): web_concurrent_end was successful, 1421 body bytes, 597 header bytes  	[MsgId: MMSG-26386]
Action.c(364): web_add_header("Origin") started  	[MsgId: MMSG-26355]
Action.c(364): web_add_header("Origin") was successful  	[MsgId: MMSG-26392]
Action.c(395): Message id [-17999] was not saved - Auto Log cache is too small to contain the message.	[MsgId: MMSG-10547]
Action.c(397): web_custom_request("itinerary.pl_2") started  	[MsgId: MMSG-26355]
Action.c(397): web_custom_request("itinerary.pl_2") was successful, 932 body bytes, 255 header bytes, 12 chunking overhead bytes  	[MsgId: MMSG-26385]
Action.c(408): web_reg_find started  	[MsgId: MMSG-26355]
Action.c(408): Registering web_reg_find was successful  	[MsgId: MMSG-26390]
Action.c(412): web_custom_request("itinerary.pl") started  	[MsgId: MMSG-26355]
Action.c(412): Error -26368: "Text=333801857-780-LM" found for web_reg_find (count=1)  	[MsgId: MERR-26368]
End auto log messages stack.	[MsgId: MMSG-10544]


